#
# A fatal error has been detected by the Java Runtime Environment:
#
#  EXCEPTION_ACCESS_VIOLATION (0xc0000005) at pc=0x0000019657cb1050, pid=7908, tid=28536
#
# JRE version: OpenJDK Runtime Environment Temurin-21.0.5+11 (21.0.5+11) (build 21.0.5+11-LTS)
# Java VM: OpenJDK 64-Bit Server VM Temurin-21.0.5+11 (21.0.5+11-LTS, mixed mode, emulated-client, sharing, tiered, compressed oops, compressed class ptrs, g1 gc, windows-amd64)
# Problematic frame:
# v  ~BufferBlob::MethodHandles adapters 0x0000019657cb1050
#
# No core dump will be written. Minidumps are not enabled by default on client versions of Windows
#
# If you would like to submit a bug report, please visit:
#   https://github.com/adoptium/adoptium-support/issues
#

---------------  S U M M A R Y ------------

Command Line: -XX:+ShowCodeDetailsInExceptionMessages -agentlib:jdwp=transport=dt_socket,suspend=y,address=localhost:63471 -Dcom.sun.management.jmxremote -Dcom.sun.management.jmxremote.port=63470 -Dcom.sun.management.jmxremote.authenticate=false -Dcom.sun.management.jmxremote.ssl=false -Djava.rmi.server.hostname=localhost -Dspring.jmx.enabled=true -Dmanagement.endpoints.jmx.exposure.include=* -Dspring.application.admin.enabled=true -XX:TieredStopAtLevel=1 -Dspring.boot.project.name=Security -javaagent:C:\Users\bhanu\Desktop\spring-tool-suite\sts-4.27.0.RELEASE\configuration\org.eclipse.osgi\275\0\.cp\lib\javaagent-shaded.jar -Dfile.encoding=UTF-8 -Dstdout.encoding=UTF-8 -Dstderr.encoding=UTF-8 com.sai.Security.SecurityApplication --spring.output.ansi.enabled=always

Host: 13th Gen Intel(R) Core(TM) i7-1355U, 12 cores, 15G,  Windows 11 , 64 bit Build 26100 (10.0.26100.3037)
Time: Fri Feb  7 11:19:57 2025 Mountain Standard Time elapsed time: 166.220102 seconds (0d 0h 2m 46s)

---------------  T H R E A D  ---------------

Current thread (0x00000196686f50b0):  JavaThread "restartedMain"        [_thread_in_Java, id=28536, stack(0x000000035ae00000,0x000000035af00000) (1024K)]

Stack: [0x000000035ae00000,0x000000035af00000],  sp=0x000000035aefdc38,  free space=1015k
Native frames: (J=compiled Java code, j=interpreted, Vv=VM code, C=native code)
C  0x0000019657cb1050

The last pc belongs to _linkToSpecial (printed below).

siginfo: EXCEPTION_ACCESS_VIOLATION (0xc0000005), reading address 0xffffffffffffffff


Registers:
RAX=0x0000019657c89086, RBX=0xe10a07cf00000000, RCX=0x000000035aefdc40, RDX=0x0000000000000002
RSP=0x000000035aefdc38, RBP=0x000000035aefdc88, RSI=0x00000196681d94a8, RDI=0x000001966913b2e0
R8 =0x0000000000000004, R9 =0x0000000000000004, R10=0x00007ffc7903d040, R11=0x00000196000b5b20
R12=0x0000000000000000, R13=0x000000035aefdc38, R14=0x000000035aefdca8, R15=0x00000196686f50b0
RIP=0x0000019657cb1050, EFLAGS=0x0000000000010202


Register to memory mapping:

RAX=0x0000019657c89086 is at code_begin+3078 in an Interpreter codelet
return entry points  [0x0000019657c88480, 0x0000019657c8a298]  7704 bytes
RBX=0xe10a07cf00000000 is an unknown value
RCX=0x000000035aefdc40 is pointing into the stack for thread: 0x00000196686f50b0
RDX=0x0000000000000002 is an unknown value
RSP=0x000000035aefdc38 is pointing into the stack for thread: 0x00000196686f50b0
RBP=0x000000035aefdc88 is pointing into the stack for thread: 0x00000196686f50b0
RSI=0x00000196681d94a8 points into unknown readable memory: 0x80001396e504b2d0 | d0 b2 04 e5 96 13 00 80
RDI=0x000001966913b2e0 points into unknown readable memory: 0x0000001800000070 | 70 00 00 00 18 00 00 00
R8 =0x0000000000000004 is an unknown value
R9 =0x0000000000000004 is an unknown value
R10=0x00007ffc7903d040 jvm.dll
R11={method} {0x00000196000b5b28} 'newInvokeSpecial' '(Ljava/lang/Object;)Ljava/lang/Object;' in 'java/lang/invoke/DirectMethodHandle$Holder'
R12=0x0 is null
R13=0x000000035aefdc38 is pointing into the stack for thread: 0x00000196686f50b0
R14=0x000000035aefdca8 is pointing into the stack for thread: 0x00000196686f50b0
R15=0x00000196686f50b0 is a thread

Top of Stack: (sp=0x000000035aefdc38)
0x000000035aefdc38:   0000019657c89086 000000035aefdc40
0x000000035aefdc48:   000001960072be1f 0000000000000004
0x000000035aefdc58:   00000196000b0fd8 000000070e05f6a8
0x000000035aefdc68:   000000070586b908 00000196000b5b20
0x000000035aefdc78:   000000035aefdc38 000000035aefdcb0
0x000000035aefdc88:   000000035aefe020 00000196580a51cb
0x000000035aefdc98:   0000000708503d80 0000000708503e28
0x000000035aefdca8:   0000000708503de0 0000000708503b40
0x000000035aefdcb8:   00007ffce1832bb0 000000035aefe020
0x000000035aefdcc8:   00000196585be50c 0000000000000000
0x000000035aefdcd8:   00007ffc789187f1 000001966356b650
0x000000035aefdce8:   000000035aefb450 00000196686c0001
0x000000035aefdcf8:   0000019668690800 000001966356b650
0x000000035aefdd08:   00007ffc788f893e 00000196686f50b0
0x000000035aefdd18:   000001966356b650 0000000000000000
0x000000035aefdd28:   000000070586a600 000000070e05f6a8
0x000000035aefdd38:   0000000708503a08 0000000708503a08
0x000000035aefdd48:   0000000708503b40 0000000708503e10
0x000000035aefdd58:   0000000708503b98 000000070e05f6a8
0x000000035aefdd68:   0000000000000001 000000035aefe020
0x000000035aefdd78:   0000019600000000 0000000000000000
0x000000035aefdd88:   0000000000000000 0000000708503de0
0x000000035aefdd98:   00000196580a39dc 0000000000000000
0x000000035aefdda8:   0000000000000000 0000000000000000
0x000000035aefddb8:   00000196682d2500 00000196686f50b0
0x000000035aefddc8:   0000000000000000 0000000708503b40
0x000000035aefddd8:   0000000000000000 0000000708503a08
0x000000035aefdde8:   0000000708503e10 0000000708503b40
0x000000035aefddf8:   0000000000000000 0000000708503a00
0x000000035aefde08:   00000196580a46ec 000000035aefe020
0x000000035aefde18:   00000196580a19ea 0000000000000000
0x000000035aefde28:   0000019657fdf729 00000196686f50b0 

Instructions: (pc=0x0000019657cb1050)
0x0000019657cb0f50:   bf d8 05 00 00 00 74 03 ff 63 38 ff 63 50 e9 9d
0x0000019657cb0f60:   16 00 00 66 66 66 0f 1f 84 00 00 00 00 00 66 66
0x0000019657cb0f70:   66 90 66 66 0f 1f 84 00 00 00 00 00 66 66 66 90
0x0000019657cb0f80:   48 8b 53 08 0f b7 52 2e 48 8b 0c d4 58 5b 50 44
0x0000019657cb0f90:   8b 51 08 49 bb 00 00 00 00 96 01 00 00 4d 03 d3
0x0000019657cb0fa0:   4c 8b 5b 10 4b 8b 9c da c0 01 00 00 48 85 db 0f
0x0000019657cb0fb0:   84 10 00 00 00 41 80 bf d8 05 00 00 00 74 03 ff
0x0000019657cb0fc0:   63 38 ff 63 50 e9 36 16 00 00 66 66 66 0f 1f 84
0x0000019657cb0fd0:   00 00 00 00 00 66 66 66 90 0f 1f 80 00 00 00 00
0x0000019657cb0fe0:   58 5b 50 8b 5b 24 48 c1 e3 03 48 8b 5b 10 48 85
0x0000019657cb0ff0:   db 0f 84 10 00 00 00 41 80 bf d8 05 00 00 00 74
0x0000019657cb1000:   03 ff 63 38 ff 63 50 e9 f4 15 00 00 66 66 66 0f
0x0000019657cb1010:   1f 84 00 00 00 00 00 66 66 66 90 0f 1f 44 00 00
0x0000019657cb1020:   48 8b 53 08 0f b7 52 2e 48 8b 0c d4 58 5b 50 48
0x0000019657cb1030:   3b 01 8b 5b 24 48 c1 e3 03 48 8b 5b 10 48 85 db
0x0000019657cb1040:   0f 84 10 00 00 00 41 80 bf d8 05 00 00 00 74 03
0x0000019657cb1050:   ff 63 38 ff 63 50 e9 a5 15 00 00 0f 1f 44 00 00
0x0000019657cb1060:   48 8b 53 08 0f b7 52 2e 48 8b 0c d4 58 5b 50 44
0x0000019657cb1070:   8b 51 08 49 bb 00 00 00 00 96 01 00 00 4d 03 d3
0x0000019657cb1080:   8b 43 18 48 c1 e0 03 48 8b 40 10 48 8b 5b 10 45
0x0000019657cb1090:   8b 9a a0 00 00 00 4f 8d 9c da c0 01 00 00 4d 8d
0x0000019657cb10a0:   14 da 49 8b 1b 48 3b c3 74 15 48 85 db 0f 84 32
0x0000019657cb10b0:   00 00 00 49 83 c3 10 49 8b 1b 48 3b c3 75 eb 45
0x0000019657cb10c0:   8b 5b 08 4b 8b 1c 1a 48 85 db 0f 84 10 00 00 00
0x0000019657cb10d0:   41 80 bf d8 05 00 00 00 74 03 ff 63 38 ff 63 50
0x0000019657cb10e0:   e9 1b 15 00 00 e9 16 12 00 00 f4 00 00 00 00 00
0x0000019657cb10f0:   00 00 00 00 00 00 00 00 00 00 00 00 00 00 00 00
0x0000019657cb1100:   00 00 00 00 00 00 00 00 00 00 00 00 00 00 00 00
0x0000019657cb1110:   00 00 00 00 00 00 00 00 00 00 00 00 00 00 00 00
0x0000019657cb1120:   00 00 00 00 00 00 00 00 00 00 00 00 00 00 00 00
0x0000019657cb1130:   00 00 00 00 00 00 00 00 00 00 00 00 00 00 00 00
0x0000019657cb1140:   00 00 00 00 00 00 00 00 00 00 00 00 00 00 00 00 


Stack slot to memory mapping:

stack at sp + 0 slots: 0x0000019657c89086 is at code_begin+3078 in an Interpreter codelet
return entry points  [0x0000019657c88480, 0x0000019657c8a298]  7704 bytes
stack at sp + 1 slots: 0x000000035aefdc40 is pointing into the stack for thread: 0x00000196686f50b0
stack at sp + 2 slots: 0x000001960072be1f is pointing into metadata
stack at sp + 3 slots: 0x0000000000000004 is an unknown value
stack at sp + 4 slots: 0x00000196000b0fd8 is pointing into metadata
stack at sp + 5 slots: 0x000000070e05f6a8 is an oop: java.lang.Class 
{0x000000070e05f6a8} - klass: 'java/lang/Class'
 - ---- fields (total size 14 words):
 - private volatile transient 'classRedefinedCount' 'I' @12  1 (0x00000001)
 - injected 'klass' 'J' @16  1743774718968 (0x0000019601129bf8)
 - injected 'array_klass' 'J' @24  0 (0x0000000000000000)
 - injected 'oop_size' 'I' @32  14 (0x0000000e)
 - injected 'static_oop_field_count' 'I' @36  0 (0x00000000)
 - private volatile transient 'cachedConstructor' 'Ljava/lang/reflect/Constructor;' @40  null (0x00000000)
 - private transient 'name' 'Ljava/lang/String;' @44  "com.sai.Security.Controller.StudentController"{0x000000070e0617a0} (0xe1c0c2f4)
 - private transient 'module' 'Ljava/lang/Module;' @48  a 'java/lang/Module'{0x0000000705f4c6f0} (0xe0be98de)
 - private final 'classLoader' 'Ljava/lang/ClassLoader;' @52  a 'org/springframework/boot/devtools/restart/classloader/RestartClassLoader'{0x0000000705e015a8} (0xe0bc02b5)
 - private transient 'classData' 'Ljava/lang/Object;' @56  null (0x00000000)
 - private transient 'packageName' 'Ljava/lang/String;' @60  "com.sai.Security.Controller"{0x000000070e0617f8} (0xe1c0c2ff)
 - private final 'componentType' 'Ljava/lang/Class;' @64  null (0x00000000)
 - private volatile transient 'reflectionData' 'Ljava/lang/ref/SoftReference;' @68  a 'java/lang/ref/SoftReference'{0x0000000708501100} (0xe10a0220)
 - private volatile transient 'genericInfo' 'Lsun/reflect/generics/repository/ClassRepository;' @72  null (0x00000000)
 - private volatile transient 'enumConstants' '[Ljava/lang/Object;' @76  null (0x00000000)
 - private volatile transient 'enumConstantDirectory' 'Ljava/util/Map;' @80  null (0x00000000)
 - private volatile transient 'annotationData' 'Ljava/lang/Class$AnnotationData;' @84  null (0x00000000)
 - private volatile transient 'annotationType' 'Lsun/reflect/annotation/AnnotationType;' @88  null (0x00000000)
 - transient 'classValueMap' 'Ljava/lang/ClassValue$ClassValueMap;' @92  null (0x00000000)
 - injected 'protection_domain' 'Ljava/lang/Object;' @96  a 'java/security/ProtectionDomain'{0x0000000705f0bb20} (0xe0be1764)
 - injected 'signers_name' 'Ljava/lang/Object;' @100  null (0x00000000)
 - injected 'source_file' 'Ljava/lang/Object;' @104  null (0x00000000)
 - injected '<init_lock>' 'Ljava/lang/Object;' @108  null (0x00000000)
 - signature: Lcom/sai/Security/Controller/StudentController;
 - ---- static fields (0):
stack at sp + 6 slots: 0x000000070586b908 is an oop: java.lang.Class 
{0x000000070586b908} - klass: 'java/lang/Class'
 - ---- fields (total size 14 words):
 - private volatile transient 'classRedefinedCount' 'I' @12  0 (0x00000000)
 - injected 'klass' 'J' @16  1743757446064 (0x00000196000b0bb0)
 - injected 'array_klass' 'J' @24  0 (0x0000000000000000)
 - injected 'oop_size' 'I' @32  14 (0x0000000e)
 - injected 'static_oop_field_count' 'I' @36  0 (0x00000000)
 - private volatile transient 'cachedConstructor' 'Ljava/lang/reflect/Constructor;' @40  null (0x00000000)
 - private transient 'name' 'Ljava/lang/String;' @44  null (0x00000000)
 - private transient 'module' 'Ljava/lang/Module;' @48  a 'java/lang/Module'{0x0000000705860320} (0xe0b0c064)
 - private final 'classLoader' 'Ljava/lang/ClassLoader;' @52  null (0x00000000)
 - private transient 'classData' 'Ljava/lang/Object;' @56  null (0x00000000)
 - private transient 'packageName' 'Ljava/lang/String;' @60  null (0x00000000)
 - private final 'componentType' 'Ljava/lang/Class;' @64  null (0x00000000)
 - private volatile transient 'reflectionData' 'Ljava/lang/ref/SoftReference;' @68  null (0x00000000)
 - private volatile transient 'genericInfo' 'Lsun/reflect/generics/repository/ClassRepository;' @72  null (0x00000000)
 - private volatile transient 'enumConstants' '[Ljava/lang/Object;' @76  null (0x00000000)
 - private volatile transient 'enumConstantDirectory' 'Ljava/util/Map;' @80  null (0x00000000)
 - private volatile transient 'annotationData' 'Ljava/lang/Class$AnnotationData;' @84  null (0x00000000)
 - private volatile transient 'annotationType' 'Lsun/reflect/annotation/AnnotationType;' @88  null (0x00000000)
 - transient 'classValueMap' 'Ljava/lang/ClassValue$ClassValueMap;' @92  null (0x00000000)
 - injected 'protection_domain' 'Ljava/lang/Object;' @96  null (0x00000000)
 - injected 'signers_name' 'Ljava/lang/Object;' @100  null (0x00000000)
 - injected 'source_file' 'Ljava/lang/Object;' @104  null (0x00000000)
 - injected '<init_lock>' 'Ljava/lang/Object;' @108  null (0x00000000)
 - signature: Ljava/lang/invoke/DirectMethodHandle$Holder;
 - ---- static fields (0):
stack at sp + 7 slots: {method} {0x00000196000b5b28} 'newInvokeSpecial' '(Ljava/lang/Object;)Ljava/lang/Object;' in 'java/lang/invoke/DirectMethodHandle$Holder'

MethodHandle::interpreter_entry::_linkToSpecial [0x0000019657cb100c, 0x0000019657cb105b] (79 bytes)
[MachCode]
  0x0000019657cb100c: 6666 660f | 1f84 0000 | 0000 0066 | 6666 900f | 1f44 0000 | 488b 5308 | 0fb7 522e | 488b 0cd4 
  0x0000019657cb102c: 585b 5048 | 3b01 8b5b | 2448 c1e3 | 0348 8b5b | 1048 85db | 0f84 1000 | 0000 4180 | bfd8 0500 
  0x0000019657cb104c: 0000 7403 | ff63 38ff | 6350 e9a5 | 
[/MachCode]

---------------  P R O C E S S  ---------------

Threads class SMR info:
_java_thread_list=0x000001966805a4a0, length=24, elements={
0x00000196540f6490, 0x000001966329bac0, 0x00000196632a0c80, 0x00000196632a32f0,
0x00000196632a46f0, 0x00000196632a5140, 0x00000196632a7f10, 0x00000196632ab490,
0x00000196634e95d0, 0x000001966356f320, 0x00000196635525e0, 0x0000019663574030,
0x00000196680585e0, 0x0000019668241690, 0x0000019668254150, 0x00000196682a89f0,
0x00000196686c6840, 0x00000196686f50b0, 0x0000019668a3a700, 0x0000019668a3ad90,
0x0000019668a3b420, 0x0000019668a3a070, 0x0000019668a3bab0, 0x0000019668a3c140
}

Java Threads: ( => current thread )
  0x00000196540f6490 JavaThread "main"                              [_thread_blocked, id=28252, stack(0x0000000358a00000,0x0000000358b00000) (1024K)]
  0x000001966329bac0 JavaThread "Reference Handler"          daemon [_thread_blocked, id=17528, stack(0x0000000359200000,0x0000000359300000) (1024K)]
  0x00000196632a0c80 JavaThread "Finalizer"                  daemon [_thread_blocked, id=24792, stack(0x0000000359300000,0x0000000359400000) (1024K)]
  0x00000196632a32f0 JavaThread "Signal Dispatcher"          daemon [_thread_blocked, id=21340, stack(0x0000000359400000,0x0000000359500000) (1024K)]
  0x00000196632a46f0 JavaThread "Attach Listener"            daemon [_thread_blocked, id=25292, stack(0x0000000359500000,0x0000000359600000) (1024K)]
  0x00000196632a5140 JavaThread "Service Thread"             daemon [_thread_blocked, id=4116, stack(0x0000000359600000,0x0000000359700000) (1024K)]
  0x00000196632a7f10 JavaThread "Monitor Deflation Thread"   daemon [_thread_blocked, id=15112, stack(0x0000000359700000,0x0000000359800000) (1024K)]
  0x00000196632ab490 JavaThread "C1 CompilerThread0"         daemon [_thread_blocked, id=12664, stack(0x0000000359800000,0x0000000359900000) (1024K)]
  0x00000196634e95d0 JavaThread "Common-Cleaner"             daemon [_thread_blocked, id=20072, stack(0x0000000359a00000,0x0000000359b00000) (1024K)]
  0x000001966356f320 JavaThread "JDWP Transport Listener: dt_socket" daemon [_thread_blocked, id=3924, stack(0x0000000359d00000,0x0000000359e00000) (1024K)]
  0x00000196635525e0 JavaThread "JDWP Event Helper Thread"   daemon [_thread_blocked, id=16460, stack(0x0000000359e00000,0x0000000359f00000) (1024K)]
  0x0000019663574030 JavaThread "JDWP Command Reader"        daemon [_thread_in_native, id=25424, stack(0x0000000359f00000,0x000000035a000000) (1024K)]
  0x00000196680585e0 JavaThread "Notification Thread"        daemon [_thread_blocked, id=15784, stack(0x000000035a000000,0x000000035a100000) (1024K)]
  0x0000019668241690 JavaThread "RMI TCP Accept-0"           daemon [_thread_in_native, id=7452, stack(0x000000035a100000,0x000000035a200000) (1024K)]
  0x0000019668254150 JavaThread "RMI TCP Accept-63470"       daemon [_thread_in_native, id=22796, stack(0x000000035a200000,0x000000035a300000) (1024K)]
  0x00000196682a89f0 JavaThread "RMI TCP Accept-0"           daemon [_thread_in_native, id=1372, stack(0x000000035ac00000,0x000000035ad00000) (1024K)]
  0x00000196686c6840 JavaThread "Thread-0"                          [_thread_blocked, id=28488, stack(0x000000035ad00000,0x000000035ae00000) (1024K)]
=>0x00000196686f50b0 JavaThread "restartedMain"                     [_thread_in_Java, id=28536, stack(0x000000035ae00000,0x000000035af00000) (1024K)]
  0x0000019668a3a700 JavaThread "RMI Scheduler(0)"           daemon [_thread_blocked, id=16440, stack(0x000000035b100000,0x000000035b200000) (1024K)]
  0x0000019668a3ad90 JavaThread "RMI TCP Connection(2)-127.0.0.1" daemon [_thread_in_native, id=17288, stack(0x000000035b200000,0x000000035b300000) (1024K)]
  0x0000019668a3b420 JavaThread "JMX server connection timeout 45" daemon [_thread_blocked, id=26104, stack(0x000000035b300000,0x000000035b400000) (1024K)]
  0x0000019668a3a070 JavaThread "Catalina-utility-1"                [_thread_blocked, id=11700, stack(0x000000035af00000,0x000000035b000000) (1024K)]
  0x0000019668a3bab0 JavaThread "Catalina-utility-2"                [_thread_blocked, id=3976, stack(0x000000035b600000,0x000000035b700000) (1024K)]
  0x0000019668a3c140 JavaThread "container-0"                       [_thread_blocked, id=21360, stack(0x000000035b700000,0x000000035b800000) (1024K)]
Total: 24

Other Threads:
  0x000001966327e2f0 VMThread "VM Thread"                           [id=3652, stack(0x0000000359100000,0x0000000359200000) (1024K)]
  0x0000019663265670 WatcherThread "VM Periodic Task Thread"        [id=14476, stack(0x0000000359000000,0x0000000359100000) (1024K)]
  0x000001965415d090 WorkerThread "GC Thread#0"                     [id=25104, stack(0x0000000358b00000,0x0000000358c00000) (1024K)]
  0x00000196682f0040 WorkerThread "GC Thread#1"                     [id=9148, stack(0x000000035a300000,0x000000035a400000) (1024K)]
  0x0000019668279320 WorkerThread "GC Thread#2"                     [id=26376, stack(0x000000035a400000,0x000000035a500000) (1024K)]
  0x00000196682796c0 WorkerThread "GC Thread#3"                     [id=23028, stack(0x000000035a500000,0x000000035a600000) (1024K)]
  0x0000019668279a60 WorkerThread "GC Thread#4"                     [id=2024, stack(0x000000035a600000,0x000000035a700000) (1024K)]
  0x0000019668279e00 WorkerThread "GC Thread#5"                     [id=24516, stack(0x000000035a700000,0x000000035a800000) (1024K)]
  0x0000019668303c30 WorkerThread "GC Thread#6"                     [id=10288, stack(0x000000035a800000,0x000000035a900000) (1024K)]
  0x000001966827f490 WorkerThread "GC Thread#7"                     [id=27124, stack(0x000000035a900000,0x000000035aa00000) (1024K)]
  0x0000019668293980 WorkerThread "GC Thread#8"                     [id=15512, stack(0x000000035aa00000,0x000000035ab00000) (1024K)]
  0x0000019668294330 WorkerThread "GC Thread#9"                     [id=22508, stack(0x000000035ab00000,0x000000035ac00000) (1024K)]
  0x000001965416d8a0 ConcurrentGCThread "G1 Main Marker"            [id=15932, stack(0x0000000358c00000,0x0000000358d00000) (1024K)]
  0x000001965416f610 WorkerThread "G1 Conc#0"                       [id=11560, stack(0x0000000358d00000,0x0000000358e00000) (1024K)]
  0x00000196687bc0e0 WorkerThread "G1 Conc#1"                       [id=18764, stack(0x000000035b400000,0x000000035b500000) (1024K)]
  0x00000196687bbd40 WorkerThread "G1 Conc#2"                       [id=21516, stack(0x000000035b500000,0x000000035b600000) (1024K)]
  0x0000019663136410 ConcurrentGCThread "G1 Refine#0"               [id=16660, stack(0x0000000358e00000,0x0000000358f00000) (1024K)]
  0x0000019663136c30 ConcurrentGCThread "G1 Service"                [id=27188, stack(0x0000000358f00000,0x0000000359000000) (1024K)]
Total: 18

Threads with active compile tasks:
Total: 0

VM state: not at safepoint (normal execution)

VM Mutex/Monitor currently owned by a thread: None

Heap address: 0x0000000705800000, size: 4008 MB, Compressed Oops mode: Zero based, Oop shift amount: 3

CDS archive(s) mapped at: [0x0000019600000000-0x0000019600c80000-0x0000019600c80000), size 13107200, SharedBaseAddress: 0x0000019600000000, ArchiveRelocationMode: 1.
Compressed class space mapped at: 0x0000019601000000-0x0000019641000000, reserved size: 1073741824
Narrow klass base: 0x0000019600000000, Narrow klass shift: 0, Narrow klass range: 0x100000000

GC Precious Log:
 CardTable entry size: 512
 Card Set container configuration: InlinePtr #cards 4 size 8 Array Of Cards #cards 16 size 48 Howl #buckets 8 coarsen threshold 3686 Howl Bitmap #cards 512 size 80 coarsen threshold 460 Card regions per heap region 1 cards per card region 4096
 CPUs: 12 total, 12 available
 Memory: 16027M
 Large Page Support: Disabled
 NUMA Support: Disabled
 Compressed Oops: Enabled (Zero based)
 Heap Region Size: 2M
 Heap Min Capacity: 8M
 Heap Initial Capacity: 252M
 Heap Max Capacity: 4008M
 Pre-touch: Disabled
 Parallel Workers: 10
 Concurrent Workers: 3
 Concurrent Refinement Workers: 10
 Periodic GC: Disabled

Heap:
 garbage-first heap   total 61440K, used 27104K [0x0000000705800000, 0x0000000800000000)
  region size 2048K, 11 young (22528K), 4 survivors (8192K)
 Metaspace       used 29106K, committed 29696K, reserved 1114112K
  class space    used 3824K, committed 4096K, reserved 1048576K

Heap Regions: E=young(eden), S=young(survivor), O=old, HS=humongous(starts), HC=humongous(continues), CS=collection set, F=free, TAMS=top-at-mark-start, PB=parsable bottom
|   0|0x0000000705800000, 0x0000000705a00000, 0x0000000705a00000|100%| O|  |TAMS 0x0000000705800000| PB 0x0000000705800000| Untracked 
|   1|0x0000000705a00000, 0x0000000705c00000, 0x0000000705c00000|100%| O|  |TAMS 0x0000000705a00000| PB 0x0000000705a00000| Untracked 
|   2|0x0000000705c00000, 0x0000000705c00000, 0x0000000705e00000|  0%| F|  |TAMS 0x0000000705c00000| PB 0x0000000705c00000| Untracked 
|   3|0x0000000705e00000, 0x0000000706000000, 0x0000000706000000|100%| O|  |TAMS 0x0000000705e00000| PB 0x0000000705e00000| Untracked 
|   4|0x0000000706000000, 0x0000000706200000, 0x0000000706200000|100%| O|  |TAMS 0x0000000706000000| PB 0x0000000706000000| Untracked 
|   5|0x0000000706200000, 0x0000000706229e00, 0x0000000706400000|  8%| O|Cm|TAMS 0x0000000706200000| PB 0x0000000706200000| Complete 
|   6|0x0000000706400000, 0x0000000706400000, 0x0000000706600000|  0%| F|  |TAMS 0x0000000706400000| PB 0x0000000706400000| Untracked 
|   7|0x0000000706600000, 0x0000000706600000, 0x0000000706800000|  0%| F|  |TAMS 0x0000000706600000| PB 0x0000000706600000| Untracked 
|   8|0x0000000706800000, 0x0000000706800000, 0x0000000706a00000|  0%| F|  |TAMS 0x0000000706800000| PB 0x0000000706800000| Untracked 
|   9|0x0000000706a00000, 0x0000000706a00000, 0x0000000706c00000|  0%| F|  |TAMS 0x0000000706a00000| PB 0x0000000706a00000| Untracked 
|  10|0x0000000706c00000, 0x0000000706c00000, 0x0000000706e00000|  0%| F|  |TAMS 0x0000000706c00000| PB 0x0000000706c00000| Untracked 
|  11|0x0000000706e00000, 0x0000000706e00000, 0x0000000707000000|  0%| F|  |TAMS 0x0000000706e00000| PB 0x0000000706e00000| Untracked 
|  12|0x0000000707000000, 0x0000000707000000, 0x0000000707200000|  0%| F|  |TAMS 0x0000000707000000| PB 0x0000000707000000| Untracked 
|  13|0x0000000707200000, 0x0000000707200000, 0x0000000707400000|  0%| F|  |TAMS 0x0000000707200000| PB 0x0000000707200000| Untracked 
|  14|0x0000000707400000, 0x0000000707400000, 0x0000000707600000|  0%| F|  |TAMS 0x0000000707400000| PB 0x0000000707400000| Untracked 
|  15|0x0000000707600000, 0x0000000707600000, 0x0000000707800000|  0%| F|  |TAMS 0x0000000707600000| PB 0x0000000707600000| Untracked 
|  16|0x0000000707800000, 0x0000000707800000, 0x0000000707a00000|  0%| F|  |TAMS 0x0000000707800000| PB 0x0000000707800000| Untracked 
|  17|0x0000000707a00000, 0x0000000707a00000, 0x0000000707c00000|  0%| F|  |TAMS 0x0000000707a00000| PB 0x0000000707a00000| Untracked 
|  18|0x0000000707c00000, 0x0000000707c00000, 0x0000000707e00000|  0%| F|  |TAMS 0x0000000707c00000| PB 0x0000000707c00000| Untracked 
|  19|0x0000000707e00000, 0x0000000707f3f500, 0x0000000708000000| 62%| E|  |TAMS 0x0000000707e00000| PB 0x0000000707e00000| Complete 
|  20|0x0000000708000000, 0x0000000708200000, 0x0000000708200000|100%| E|CS|TAMS 0x0000000708000000| PB 0x0000000708000000| Complete 
|  21|0x0000000708200000, 0x0000000708400000, 0x0000000708400000|100%| E|CS|TAMS 0x0000000708200000| PB 0x0000000708200000| Complete 
|  22|0x0000000708400000, 0x0000000708600000, 0x0000000708600000|100%| E|CS|TAMS 0x0000000708400000| PB 0x0000000708400000| Complete 
|  23|0x0000000708600000, 0x0000000708800000, 0x0000000708800000|100%| E|CS|TAMS 0x0000000708600000| PB 0x0000000708600000| Complete 
|  24|0x0000000708800000, 0x0000000708a00000, 0x0000000708a00000|100%| E|CS|TAMS 0x0000000708800000| PB 0x0000000708800000| Complete 
|  65|0x000000070da00000, 0x000000070da4e490, 0x000000070dc00000| 15%| S|CS|TAMS 0x000000070da00000| PB 0x000000070da00000| Complete 
|  66|0x000000070dc00000, 0x000000070de00000, 0x000000070de00000|100%| S|CS|TAMS 0x000000070dc00000| PB 0x000000070dc00000| Complete 
|  67|0x000000070de00000, 0x000000070e000000, 0x000000070e000000|100%| S|CS|TAMS 0x000000070de00000| PB 0x000000070de00000| Complete 
|  68|0x000000070e000000, 0x000000070e200000, 0x000000070e200000|100%| S|CS|TAMS 0x000000070e000000| PB 0x000000070e000000| Complete 
| 125|0x0000000715200000, 0x0000000715400000, 0x0000000715400000|100%| E|CS|TAMS 0x0000000715200000| PB 0x0000000715200000| Complete 

Card table byte_map: [0x000001965bf10000,0x000001965c6f0000] _byte_map_base: 0x00000196586e4000

Marking Bits: (CMBitMap*) 0x000001965415d540
 Bits: [0x000001965c6f0000, 0x0000019660590000)

Polling page: 0x0000019652820000

Metaspace:

Usage:
  Non-class:     24.69 MB used.
      Class:      3.74 MB used.
       Both:     28.42 MB used.

Virtual space:
  Non-class space:       64.00 MB reserved,      25.00 MB ( 39%) committed,  1 nodes.
      Class space:        1.00 GB reserved,       4.00 MB ( <1%) committed,  1 nodes.
             Both:        1.06 GB reserved,      29.00 MB (  3%) committed. 

Chunk freelists:
   Non-Class:  6.75 MB
       Class:  12.01 MB
        Both:  18.76 MB

MaxMetaspaceSize: unlimited
CompressedClassSpaceSize: 1.00 GB
Initial GC threshold: 21.00 MB
Current GC threshold: 47.50 MB
CDS: on
 - commit_granule_bytes: 65536.
 - commit_granule_words: 8192.
 - virtual_space_node_default_size: 8388608.
 - enlarge_chunks_in_place: 1.
 - use_allocation_guard: 0.


Internal statistics:

num_allocs_failed_limit: 3.
num_arena_births: 750.
num_arena_deaths: 0.
num_vsnodes_births: 2.
num_vsnodes_deaths: 0.
num_space_committed: 464.
num_space_uncommitted: 0.
num_chunks_returned_to_freelist: 3.
num_chunks_taken_from_freelist: 1743.
num_chunk_merges: 3.
num_chunk_splits: 1158.
num_chunks_enlarged: 779.
num_inconsistent_stats: 0.

CodeCache: size=49152Kb used=8769Kb max_used=9741Kb free=40382Kb
 bounds [0x0000019657c80000, 0x0000019658610000, 0x000001965ac80000]
 total_blobs=4921 nmethods=4371 adapters=474
 compilation: enabled
              stopped_count=0, restarted_count=0
 full_count=0

Compilation events (20 events):
Event: 132.700 Thread 0x00000196632ab490 4401       1       com.sun.jmx.remote.util.ClassLogger::debugOn (13 bytes)
Event: 132.701 Thread 0x00000196632ab490 nmethod 4401 0x0000019657ec9610 code [0x0000019657ec97c0, 0x0000019657ec98c8]
Event: 132.701 Thread 0x00000196632ab490 4402   !   1       javax.management.remote.rmi.RMIConnectionImpl::doPrivilegedOperation (173 bytes)
Event: 132.701 Thread 0x00000196632ab490 nmethod 4402 0x0000019657ec7e90 code [0x0000019657ec8160, 0x0000019657ec8af0]
Event: 133.753 Thread 0x00000196632ab490 4403   !   1       sun.rmi.server.LoaderHandler::loadClass (334 bytes)
Event: 133.754 Thread 0x00000196632ab490 nmethod 4403 0x0000019657ec6d90 code [0x0000019657ec7020, 0x0000019657ec77a0]
Event: 133.754 Thread 0x00000196632ab490 4404       1       sun.rmi.server.LoaderHandler::getRMIContextClassLoader (7 bytes)
Event: 133.754 Thread 0x00000196632ab490 nmethod 4404 0x0000019657ec6a90 code [0x0000019657ec6c20, 0x0000019657ec6cf0]
Event: 133.754 Thread 0x00000196632ab490 4405       1       java.io.ObjectInputFilter$Config$Global::checkInput (275 bytes)
Event: 133.755 Thread 0x00000196632ab490 nmethod 4405 0x0000019657ec4790 code [0x0000019657ec4b00, 0x0000019657ec5f50]
Event: 133.755 Thread 0x00000196632ab490 4406       1       java.io.ObjectInputFilter$Config$Global$$Lambda/0x00000196011d5060::<init> (10 bytes)
Event: 133.755 Thread 0x00000196632ab490 nmethod 4406 0x0000019657ec4490 code [0x0000019657ec4620, 0x0000019657ec4738]
Event: 133.755 Thread 0x00000196632ab490 4407   !   1       jdk.internal.reflect.GeneratedSerializationConstructorAccessor10::newInstance (49 bytes)
Event: 133.756 Thread 0x00000196632ab490 nmethod 4407 0x0000019657ec3e10 code [0x0000019657ec3fe0, 0x0000019657ec42a8]
Event: 133.756 Thread 0x00000196632ab490 4408   !   1       javax.management.ObjectName::readObject (122 bytes)
Event: 133.756 Thread 0x00000196632ab490 nmethod 4408 0x0000019657ec3110 code [0x0000019657ec3380, 0x0000019657ec3920]
Event: 133.756 Thread 0x00000196632ab490 4409       1       java.lang.invoke.LambdaForm$DMH/0x000001960122c000::invokeInterface (33 bytes)
Event: 133.756 Thread 0x00000196632ab490 nmethod 4409 0x0000019657ec2c10 code [0x0000019657ec2de0, 0x0000019657ec2fc0]
Event: 162.040 Thread 0x00000196632ab490 4410       1       org.apache.catalina.LifecycleState::isAvailable (5 bytes)
Event: 162.041 Thread 0x00000196632ab490 nmethod 4410 0x0000019657ec2910 code [0x0000019657ec2aa0, 0x0000019657ec2b70]

GC Heap History (16 events):
Event: 0.563 GC heap before
{Heap before GC invocations=0 (full 0):
 garbage-first heap   total 258048K, used 22528K [0x0000000705800000, 0x0000000800000000)
  region size 2048K, 11 young (22528K), 0 survivors (0K)
 Metaspace       used 6642K, committed 6848K, reserved 1114112K
  class space    used 736K, committed 832K, reserved 1048576K
}
Event: 0.568 GC heap after
{Heap after GC invocations=1 (full 0):
 garbage-first heap   total 258048K, used 4477K [0x0000000705800000, 0x0000000800000000)
  region size 2048K, 2 young (4096K), 2 survivors (4096K)
 Metaspace       used 6642K, committed 6848K, reserved 1114112K
  class space    used 736K, committed 832K, reserved 1048576K
}
Event: 0.796 GC heap before
{Heap before GC invocations=1 (full 0):
 garbage-first heap   total 258048K, used 35197K [0x0000000705800000, 0x0000000800000000)
  region size 2048K, 18 young (36864K), 2 survivors (4096K)
 Metaspace       used 10171K, committed 10432K, reserved 1114112K
  class space    used 1193K, committed 1344K, reserved 1048576K
}
Event: 0.799 GC heap after
{Heap after GC invocations=2 (full 0):
 garbage-first heap   total 258048K, used 6389K [0x0000000705800000, 0x0000000800000000)
  region size 2048K, 1 young (2048K), 1 survivors (2048K)
 Metaspace       used 10171K, committed 10432K, reserved 1114112K
  class space    used 1193K, committed 1344K, reserved 1048576K
}
Event: 1.092 GC heap before
{Heap before GC invocations=2 (full 0):
 garbage-first heap   total 258048K, used 76021K [0x0000000705800000, 0x0000000800000000)
  region size 2048K, 37 young (75776K), 1 survivors (2048K)
 Metaspace       used 17133K, committed 17472K, reserved 1114112K
  class space    used 2158K, committed 2304K, reserved 1048576K
}
Event: 1.094 GC heap after
{Heap after GC invocations=3 (full 0):
 garbage-first heap   total 258048K, used 8636K [0x0000000705800000, 0x0000000800000000)
  region size 2048K, 2 young (4096K), 2 survivors (4096K)
 Metaspace       used 17133K, committed 17472K, reserved 1114112K
  class space    used 2158K, committed 2304K, reserved 1048576K
}
Event: 1.155 GC heap before
{Heap before GC invocations=4 (full 0):
 garbage-first heap   total 34816K, used 33212K [0x0000000705800000, 0x0000000800000000)
  region size 2048K, 14 young (28672K), 2 survivors (4096K)
 Metaspace       used 19016K, committed 19392K, reserved 1114112K
  class space    used 2412K, committed 2560K, reserved 1048576K
}
Event: 1.158 GC heap after
{Heap after GC invocations=5 (full 0):
 garbage-first heap   total 40960K, used 9102K [0x0000000705800000, 0x0000000800000000)
  region size 2048K, 3 young (6144K), 3 survivors (6144K)
 Metaspace       used 19016K, committed 19392K, reserved 1114112K
  class space    used 2412K, committed 2560K, reserved 1048576K
}
Event: 1.201 GC heap before
{Heap before GC invocations=5 (full 0):
 garbage-first heap   total 40960K, used 25486K [0x0000000705800000, 0x0000000800000000)
  region size 2048K, 12 young (24576K), 3 survivors (6144K)
 Metaspace       used 20481K, committed 20800K, reserved 1114112K
  class space    used 2632K, committed 2752K, reserved 1048576K
}
Event: 1.204 GC heap after
{Heap after GC invocations=6 (full 0):
 garbage-first heap   total 40960K, used 9503K [0x0000000705800000, 0x0000000800000000)
  region size 2048K, 1 young (2048K), 1 survivors (2048K)
 Metaspace       used 20481K, committed 20800K, reserved 1114112K
  class space    used 2632K, committed 2752K, reserved 1048576K
}
Event: 1.305 GC heap before
{Heap before GC invocations=6 (full 0):
 garbage-first heap   total 40960K, used 29983K [0x0000000705800000, 0x0000000800000000)
  region size 2048K, 11 young (22528K), 1 survivors (2048K)
 Metaspace       used 21900K, committed 22272K, reserved 1114112K
  class space    used 2821K, committed 3008K, reserved 1048576K
}
Event: 1.307 GC heap after
{Heap after GC invocations=7 (full 0):
 garbage-first heap   total 149504K, used 10732K [0x0000000705800000, 0x0000000800000000)
  region size 2048K, 2 young (4096K), 2 survivors (4096K)
 Metaspace       used 21900K, committed 22272K, reserved 1114112K
  class space    used 2821K, committed 3008K, reserved 1048576K
}
Event: 1.850 GC heap before
{Heap before GC invocations=7 (full 0):
 garbage-first heap   total 149504K, used 92652K [0x0000000705800000, 0x0000000800000000)
  region size 2048K, 43 young (88064K), 2 survivors (4096K)
 Metaspace       used 27901K, committed 28544K, reserved 1114112K
  class space    used 3664K, committed 3968K, reserved 1048576K
}
Event: 1.856 GC heap after
{Heap after GC invocations=8 (full 0):
 garbage-first heap   total 149504K, used 14402K [0x0000000705800000, 0x0000000800000000)
  region size 2048K, 3 young (6144K), 3 survivors (6144K)
 Metaspace       used 27901K, committed 28544K, reserved 1114112K
  class space    used 3664K, committed 3968K, reserved 1048576K
}
Event: 1.905 GC heap before
{Heap before GC invocations=8 (full 0):
 garbage-first heap   total 149504K, used 20546K [0x0000000705800000, 0x0000000800000000)
  region size 2048K, 7 young (14336K), 3 survivors (6144K)
 Metaspace       used 28555K, committed 29120K, reserved 1114112K
  class space    used 3740K, committed 4032K, reserved 1048576K
}
Event: 1.909 GC heap after
{Heap after GC invocations=9 (full 0):
 garbage-first heap   total 149504K, used 14816K [0x0000000705800000, 0x0000000800000000)
  region size 2048K, 4 young (8192K), 4 survivors (8192K)
 Metaspace       used 28555K, committed 29120K, reserved 1114112K
  class space    used 3740K, committed 4032K, reserved 1048576K
}

Dll operation events (12 events):
Event: 0.051 Loaded shared library C:\Users\bhanu\Desktop\spring-tool-suite\sts-4.27.0.RELEASE\plugins\org.eclipse.justj.openjdk.hotspot.jre.full.win32.x86_64_21.0.5.v20241023-1957\jre\bin\java.dll
Event: 0.072 Loaded shared library C:\Users\bhanu\Desktop\spring-tool-suite\sts-4.27.0.RELEASE\plugins\org.eclipse.justj.openjdk.hotspot.jre.full.win32.x86_64_21.0.5.v20241023-1957\jre\bin\zip.dll
Event: 0.262 Loaded shared library C:\Users\bhanu\Desktop\spring-tool-suite\sts-4.27.0.RELEASE\plugins\org.eclipse.justj.openjdk.hotspot.jre.full.win32.x86_64_21.0.5.v20241023-1957\jre\bin\instrument.dll
Event: 0.268 Loaded shared library C:\Users\bhanu\Desktop\spring-tool-suite\sts-4.27.0.RELEASE\plugins\org.eclipse.justj.openjdk.hotspot.jre.full.win32.x86_64_21.0.5.v20241023-1957\jre\bin\net.dll
Event: 0.269 Loaded shared library C:\Users\bhanu\Desktop\spring-tool-suite\sts-4.27.0.RELEASE\plugins\org.eclipse.justj.openjdk.hotspot.jre.full.win32.x86_64_21.0.5.v20241023-1957\jre\bin\nio.dll
Event: 0.271 Loaded shared library C:\Users\bhanu\Desktop\spring-tool-suite\sts-4.27.0.RELEASE\plugins\org.eclipse.justj.openjdk.hotspot.jre.full.win32.x86_64_21.0.5.v20241023-1957\jre\bin\zip.dll
Event: 0.340 Loaded shared library C:\Users\bhanu\Desktop\spring-tool-suite\sts-4.27.0.RELEASE\plugins\org.eclipse.justj.openjdk.hotspot.jre.full.win32.x86_64_21.0.5.v20241023-1957\jre\bin\jimage.dll
Event: 0.370 Loaded shared library C:\Users\bhanu\Desktop\spring-tool-suite\sts-4.27.0.RELEASE\plugins\org.eclipse.justj.openjdk.hotspot.jre.full.win32.x86_64_21.0.5.v20241023-1957\jre\bin\management.dll
Event: 0.377 Loaded shared library C:\Users\bhanu\Desktop\spring-tool-suite\sts-4.27.0.RELEASE\plugins\org.eclipse.justj.openjdk.hotspot.jre.full.win32.x86_64_21.0.5.v20241023-1957\jre\bin\management_ext.dll
Event: 0.528 Loaded shared library C:\Users\bhanu\Desktop\spring-tool-suite\sts-4.27.0.RELEASE\plugins\org.eclipse.justj.openjdk.hotspot.jre.full.win32.x86_64_21.0.5.v20241023-1957\jre\bin\extnet.dll
Event: 0.546 Loaded shared library C:\Users\bhanu\Desktop\spring-tool-suite\sts-4.27.0.RELEASE\plugins\org.eclipse.justj.openjdk.hotspot.jre.full.win32.x86_64_21.0.5.v20241023-1957\jre\bin\verify.dll
Event: 1.225 Loaded shared library C:\Users\bhanu\Desktop\spring-tool-suite\sts-4.27.0.RELEASE\plugins\org.eclipse.justj.openjdk.hotspot.jre.full.win32.x86_64_21.0.5.v20241023-1957\jre\bin\sunmscapi.dll

Deoptimization events (20 events):
Event: 165.083 Thread 0x0000019668a3ad90 DEOPT PACKING pc=0x0000019657dfab74 sp=0x000000035b2fe900
Event: 165.083 Thread 0x0000019668a3ad90 DEOPT UNPACKING pc=0x0000019657cd4e42 sp=0x000000035b2fddf0 mode 1
Event: 165.585 Thread 0x0000019668a3ad90 DEOPT PACKING pc=0x0000019657ec8434 sp=0x000000035b2fe3e0
Event: 165.585 Thread 0x0000019668a3ad90 DEOPT UNPACKING pc=0x0000019657cd4e42 sp=0x000000035b2fd8f8 mode 1
Event: 165.585 Thread 0x0000019668a3ad90 DEOPT PACKING pc=0x0000019657ec2edc sp=0x000000035b2fe5c0
Event: 165.585 Thread 0x0000019668a3ad90 DEOPT UNPACKING pc=0x0000019657cd4e42 sp=0x000000035b2fda80 mode 1
Event: 165.585 Thread 0x0000019668a3ad90 DEOPT PACKING pc=0x0000019657dff314 sp=0x000000035b2fe750
Event: 165.585 Thread 0x0000019668a3ad90 DEOPT UNPACKING pc=0x0000019657cd4e42 sp=0x000000035b2fdc50 mode 1
Event: 165.585 Thread 0x0000019668a3ad90 DEOPT PACKING pc=0x0000019657dfab74 sp=0x000000035b2fe900
Event: 165.585 Thread 0x0000019668a3ad90 DEOPT UNPACKING pc=0x0000019657cd4e42 sp=0x000000035b2fddf0 mode 1
Event: 166.087 Thread 0x0000019668a3ad90 DEOPT PACKING pc=0x0000019657ec8434 sp=0x000000035b2fe3e0
Event: 166.087 Thread 0x0000019668a3ad90 DEOPT UNPACKING pc=0x0000019657cd4e42 sp=0x000000035b2fd8f8 mode 1
Event: 166.087 Thread 0x0000019668a3ad90 DEOPT PACKING pc=0x0000019657ec2edc sp=0x000000035b2fe5c0
Event: 166.087 Thread 0x0000019668a3ad90 DEOPT UNPACKING pc=0x0000019657cd4e42 sp=0x000000035b2fda80 mode 1
Event: 166.087 Thread 0x0000019668a3ad90 DEOPT PACKING pc=0x0000019657dff314 sp=0x000000035b2fe750
Event: 166.087 Thread 0x0000019668a3ad90 DEOPT UNPACKING pc=0x0000019657cd4e42 sp=0x000000035b2fdc50 mode 1
Event: 166.087 Thread 0x0000019668a3ad90 DEOPT PACKING pc=0x0000019657dfab74 sp=0x000000035b2fe900
Event: 166.087 Thread 0x0000019668a3ad90 DEOPT UNPACKING pc=0x0000019657cd4e42 sp=0x000000035b2fddf0 mode 1
Event: 166.201 Thread 0x00000196686f50b0 DEOPT PACKING pc=0x00000196580a6434 sp=0x000000035aefdc40
Event: 166.201 Thread 0x00000196686f50b0 DEOPT UNPACKING pc=0x0000019657cd4e42 sp=0x000000035aefd0f8 mode 0

Classes loaded (20 events):
Event: 1.899 Loading class java/util/UUID$Holder
Event: 1.899 Loading class java/util/UUID$Holder done
Event: 1.922 Loading class java/util/stream/SortedOps$SizedRefSortingSink
Event: 1.922 Loading class java/util/stream/SortedOps$SizedRefSortingSink done
Event: 1.929 Loading class java/io/EOFException
Event: 1.929 Loading class java/io/EOFException done
Event: 1.929 Loading class javax/net/ssl/SSLException
Event: 1.929 Loading class javax/net/ssl/SSLException done
Event: 1.936 Loading class java/nio/channels/CompletionHandler
Event: 1.936 Loading class java/nio/channels/CompletionHandler done
Event: 1.940 Loading class java/io/InvalidClassException
Event: 1.940 Loading class java/io/InvalidClassException done
Event: 1.943 Loading class java/io/WriteAbortedException
Event: 1.943 Loading class java/io/WriteAbortedException done
Event: 1.955 Loading class jdk/internal/vm/annotation/IntrinsicCandidate
Event: 1.955 Loading class jdk/internal/vm/annotation/IntrinsicCandidate done
Event: 1.959 Loading class java/lang/invoke/DirectMethodHandle$Special
Event: 1.959 Loading class java/lang/invoke/DirectMethodHandle$Special done
Event: 1.962 Loading class jdk/internal/event/ThreadSleepEvent
Event: 1.962 Loading class jdk/internal/event/ThreadSleepEvent done

Classes unloaded (0 events):
No events

Classes redefined (1 events):
Event: 166.210 Thread 0x000001966327e2f0 redefined class name=com.sai.Security.Controller.StudentController, count=1

Internal exceptions (20 events):
Event: 1.654 Thread 0x00000196686f50b0 Exception <a 'java/lang/NoSuchMethodError'{0x000000070b44e890}: 'void java.lang.invoke.DirectMethodHandle$Holder.invokeVirtual(java.lang.Object, java.lang.Object, int)'> (0x000000070b44e890) 
thrown [s\src\hotspot\share\interpreter\linkResolver.cpp, line 773]
Event: 1.654 Thread 0x00000196686f50b0 Exception <a 'java/lang/NoSuchMethodError'{0x000000070b452840}: 'int java.lang.invoke.DirectMethodHandle$Holder.invokeSpecial(java.lang.Object, java.lang.Object, java.lang.Object, int)'> (0x000000070b452840) 
thrown [s\src\hotspot\share\interpreter\linkResolver.cpp, line 773]
Event: 1.657 Thread 0x00000196686f50b0 Exception <a 'java/lang/NoSuchMethodError'{0x000000070b466a08}: 'java.lang.Object java.lang.invoke.DirectMethodHandle$Holder.invokeStatic(java.lang.Object, java.lang.Object, java.lang.Object, java.lang.Object, int)'> (0x000000070b466a08) 
thrown [s\src\hotspot\share\interpreter\linkResolver.cpp, line 773]
Event: 1.657 Thread 0x00000196686f50b0 Exception <a 'java/lang/NoSuchMethodError'{0x000000070b46deb8}: 'void java.lang.invoke.DelegatingMethodHandle$Holder.reinvoke_L(java.lang.Object, java.lang.Object, int)'> (0x000000070b46deb8) 
thrown [s\src\hotspot\share\interpreter\linkResolver.cpp, line 773]
Event: 1.663 Thread 0x00000196686f50b0 Exception <a 'java/lang/NoSuchMethodError'{0x000000070b52d2c8}: 'java.lang.Object java.lang.invoke.DirectMethodHandle$Holder.invokeVirtual(java.lang.Object, java.lang.Object, java.lang.Object, java.lang.Object, java.lang.Object)'> (0x000000070b52d2c8) 
thrown [s\src\hotspot\share\interpreter\linkResolver.cpp, line 773]
Event: 1.714 Thread 0x00000196686f50b0 Exception <a 'java/lang/NoSuchMethodError'{0x000000070ad258d0}: 'java.lang.Object java.lang.invoke.DirectMethodHandle$Holder.invokeVirtual(java.lang.Object, java.lang.Object, java.lang.Object, java.lang.Object, java.lang.Object, java.lang.Object)'> (0x000000070ad258d0) 
thrown [s\src\hotspot\share\interpreter\linkResolver.cpp, line 773]
Event: 1.731 Thread 0x00000196686f50b0 Exception <a 'java/lang/NoSuchMethodError'{0x000000070ab6e860}: 'void java.lang.invoke.DirectMethodHandle$Holder.invokeInterface(java.lang.Object, java.lang.Object, int)'> (0x000000070ab6e860) 
thrown [s\src\hotspot\share\interpreter\linkResolver.cpp, line 773]
Event: 1.733 Thread 0x00000196686f50b0 Exception <a 'java/lang/IncompatibleClassChangeError'{0x000000070abb21e0}: Found class java.lang.Object, but interface was expected> (0x000000070abb21e0) 
thrown [s\src\hotspot\share\interpreter\linkResolver.cpp, line 840]
Event: 1.734 Thread 0x00000196686f50b0 Exception <a 'java/lang/NoSuchMethodError'{0x000000070abd0538}: 'void java.lang.invoke.DirectMethodHandle$Holder.invokeStatic(java.lang.Object, int, java.lang.Object)'> (0x000000070abd0538) 
thrown [s\src\hotspot\share\interpreter\linkResolver.cpp, line 773]
Event: 1.736 Thread 0x00000196686f50b0 Exception <a 'java/lang/NoSuchMethodError'{0x000000070a80c2b0}: 'void java.lang.invoke.DirectMethodHandle$Holder.invokeStatic(java.lang.Object, java.lang.Object, java.lang.Object, int, java.lang.Object)'> (0x000000070a80c2b0) 
thrown [s\src\hotspot\share\interpreter\linkResolver.cpp, line 773]
Event: 1.737 Thread 0x00000196686f50b0 Exception <a 'java/lang/NoSuchMethodError'{0x000000070a812b98}: 'java.lang.Object java.lang.invoke.DirectMethodHandle$Holder.newInvokeSpecial(java.lang.Object, java.lang.Object, java.lang.Object, int)'> (0x000000070a812b98) 
thrown [s\src\hotspot\share\interpreter\linkResolver.cpp, line 773]
Event: 1.737 Thread 0x00000196686f50b0 Exception <a 'java/lang/NoSuchMethodError'{0x000000070a816a28}: 'java.lang.Object java.lang.invoke.DirectMethodHandle$Holder.invokeSpecial(java.lang.Object, java.lang.Object, java.lang.Object, java.lang.Object, int)'> (0x000000070a816a28) 
thrown [s\src\hotspot\share\interpreter\linkResolver.cpp, line 773]
Event: 1.737 Thread 0x00000196686f50b0 Exception <a 'java/lang/NoSuchMethodError'{0x000000070a819ed0}: 'java.lang.Object java.lang.invoke.Invokers$Holder.linkToTargetMethod(java.lang.Object, java.lang.Object, int, java.lang.Object)'> (0x000000070a819ed0) 
thrown [s\src\hotspot\share\interpreter\linkResolver.cpp, line 773]
Event: 1.848 Thread 0x00000196686f50b0 Exception <a 'java/lang/NoSuchMethodError'{0x00000007099abee0}: 'int java.lang.invoke.DirectMethodHandle$Holder.invokeVirtual(java.lang.Object, java.lang.Object, java.lang.Object, java.lang.Object)'> (0x00000007099abee0) 
thrown [s\src\hotspot\share\interpreter\linkResolver.cpp, line 773]
Event: 1.848 Thread 0x00000196686f50b0 Exception <a 'java/lang/NoSuchMethodError'{0x00000007099af9d8}: 'int java.lang.invoke.DelegatingMethodHandle$Holder.reinvoke_L(java.lang.Object, java.lang.Object, java.lang.Object, java.lang.Object)'> (0x00000007099af9d8) 
thrown [s\src\hotspot\share\interpreter\linkResolver.cpp, line 773]
Event: 1.888 Thread 0x00000196686f50b0 Exception <a 'java/io/FileNotFoundException'{0x00000007108af278}> (0x00000007108af278) 
thrown [s\src\hotspot\share\prims\jni.cpp, line 520]
Event: 1.895 Thread 0x00000196686f50b0 Exception <a 'java/lang/NoSuchMethodError'{0x00000007109fa3a0}: 'int java.lang.invoke.DirectMethodHandle$Holder.invokeInterface(java.lang.Object, java.lang.Object, java.lang.Object, java.lang.Object)'> (0x00000007109fa3a0) 
thrown [s\src\hotspot\share\interpreter\linkResolver.cpp, line 773]
Event: 1.936 Thread 0x00000196686f50b0 Exception <a 'java/lang/NoSuchMethodError'{0x00000007088ee2b0}: 'long java.lang.invoke.DirectMethodHandle$Holder.invokeVirtual(java.lang.Object, java.lang.Object)'> (0x00000007088ee2b0) 
thrown [s\src\hotspot\share\interpreter\linkResolver.cpp, line 773]
Event: 1.946 Thread 0x00000196686f50b0 Exception <a 'java/lang/NoSuchMethodError'{0x0000000708623928}: static Lorg/springframework/security/authentication/AbstractAuthenticationToken;.<clinit>()V> (0x0000000708623928) 
thrown [s\src\hotspot\share\prims\jni.cpp, line 1111]
Event: 1.964 Thread 0x00000196686f50b0 Exception <a 'java/lang/NoSuchMethodError'{0x00000007084d2f80}: 'void java.lang.invoke.Invokers$Holder.invokeExact_MT(java.lang.Object, java.lang.Object, java.lang.Object, java.lang.Object)'> (0x00000007084d2f80) 
thrown [s\src\hotspot\share\interpreter\linkResolver.cpp, line 773]

ZGC Phase Switch (0 events):
No events

VM Operations (20 events):
Event: 108.608 Executing VM operation: Cleanup
Event: 108.608 Executing VM operation: Cleanup done
Event: 120.670 Executing VM operation: Cleanup
Event: 120.670 Executing VM operation: Cleanup done
Event: 128.737 Executing VM operation: Cleanup
Event: 128.737 Executing VM operation: Cleanup done
Event: 133.770 Executing VM operation: Cleanup
Event: 133.770 Executing VM operation: Cleanup done
Event: 134.773 Executing VM operation: Cleanup
Event: 134.773 Executing VM operation: Cleanup done
Event: 160.971 Executing VM operation: Cleanup
Event: 160.971 Executing VM operation: Cleanup done
Event: 166.200 Executing VM operation: ChangeSingleStep
Event: 166.200 Executing VM operation: ChangeSingleStep done
Event: 166.201 Executing VM operation: ChangeSingleStep
Event: 166.201 Executing VM operation: ChangeSingleStep done
Event: 166.207 Executing VM operation: RedefineClasses
Event: 166.215 Executing VM operation: RedefineClasses done
Event: 166.216 Executing VM operation: ChangeSingleStep
Event: 166.216 Executing VM operation: ChangeSingleStep done

Memory protections (0 events):
No events

Nmethod flushes (20 events):
Event: 1.917 Thread 0x000001966327e2f0 flushing  nmethod 0x0000019657fa3410
Event: 1.917 Thread 0x000001966327e2f0 flushing  nmethod 0x0000019658014f90
Event: 1.917 Thread 0x000001966327e2f0 flushing  nmethod 0x00000196580a8410
Event: 1.917 Thread 0x000001966327e2f0 flushing  nmethod 0x00000196580a8a90
Event: 1.917 Thread 0x000001966327e2f0 flushing  nmethod 0x00000196580cae10
Event: 1.917 Thread 0x000001966327e2f0 flushing  nmethod 0x0000019658310510
Event: 1.917 Thread 0x000001966327e2f0 flushing  nmethod 0x000001965831af10
Event: 1.917 Thread 0x000001966327e2f0 flushing  nmethod 0x0000019657fb1a10
Event: 1.917 Thread 0x000001966327e2f0 flushing  nmethod 0x0000019658000a90
Event: 1.917 Thread 0x000001966327e2f0 flushing  nmethod 0x0000019658058610
Event: 1.917 Thread 0x000001966327e2f0 flushing  nmethod 0x000001965807f590
Event: 1.917 Thread 0x000001966327e2f0 flushing  nmethod 0x0000019658115890
Event: 1.917 Thread 0x000001966327e2f0 flushing  nmethod 0x0000019658118b90
Event: 1.917 Thread 0x000001966327e2f0 flushing  nmethod 0x000001965815bb90
Event: 1.917 Thread 0x000001966327e2f0 flushing  nmethod 0x0000019657fa9110
Event: 1.917 Thread 0x000001966327e2f0 flushing  nmethod 0x0000019657fb1290
Event: 1.917 Thread 0x000001966327e2f0 flushing  nmethod 0x000001965800b090
Event: 1.917 Thread 0x000001966327e2f0 flushing  nmethod 0x0000019658089210
Event: 1.917 Thread 0x000001966327e2f0 flushing  nmethod 0x00000196580b7a10
Event: 1.917 Thread 0x000001966327e2f0 flushing  nmethod 0x0000019658297910

Events (20 events):
Event: 0.530 Thread 0x00000196540f6490 Thread added: 0x0000019668241690
Event: 0.541 Thread 0x00000196540f6490 Thread added: 0x0000019668254150
Event: 0.580 Thread 0x00000196540f6490 Thread added: 0x00000196682a89f0
Event: 0.755 Thread 0x00000196540f6490 Thread added: 0x00000196686c6840
Event: 0.756 Thread 0x00000196686c6840 Thread added: 0x00000196686f50b0
Event: 0.986 Thread 0x00000196686f50b0 Thread added: 0x00000196688e0040
Event: 1.002 Thread 0x0000019668254150 Thread added: 0x000001966898fde0
Event: 1.013 Thread 0x000001966898fde0 Thread added: 0x0000019668a3a700
Event: 1.013 Thread 0x0000019668241690 Thread added: 0x0000019668a3ad90
Event: 1.022 Thread 0x0000019668a3ad90 Thread added: 0x0000019668a3b420
Event: 1.222 Thread 0x00000196686f50b0 Thread added: 0x0000019668a3bab0
Event: 1.238 Thread 0x00000196688e0040 Thread exited: 0x00000196688e0040
Event: 1.259 Thread 0x0000019668a3bab0 Thread exited: 0x0000019668a3bab0
Event: 1.959 Thread 0x00000196686f50b0 Thread added: 0x0000019668a3a070
Event: 1.959 Thread 0x0000019668a3a070 Thread added: 0x0000019668a3bab0
Event: 1.962 Thread 0x00000196686f50b0 Thread added: 0x0000019668a3c140
Event: 2.546 Thread 0x00000196634fe470 Thread exited: 0x00000196634fe470
Event: 2.546 Thread 0x00000196634edc40 Thread exited: 0x00000196634edc40
Event: 3.551 Thread 0x0000019663415f10 Thread exited: 0x0000019663415f10
Event: 91.020 Thread 0x000001966898fde0 Thread exited: 0x000001966898fde0


Dynamic libraries:
0x00007ff6dffa0000 - 0x00007ff6dffae000 	C:\Users\bhanu\Desktop\spring-tool-suite\sts-4.27.0.RELEASE\plugins\org.eclipse.justj.openjdk.hotspot.jre.full.win32.x86_64_21.0.5.v20241023-1957\jre\bin\javaw.exe
0x00007ffd18a60000 - 0x00007ffd18cc3000 	C:\WINDOWS\SYSTEM32\ntdll.dll
0x00007ffd17470000 - 0x00007ffd17537000 	C:\WINDOWS\System32\KERNEL32.DLL
0x00007ffd15e00000 - 0x00007ffd161c7000 	C:\WINDOWS\System32\KERNELBASE.dll
0x00007ffd165d0000 - 0x00007ffd1671c000 	C:\WINDOWS\System32\ucrtbase.dll
0x00007ffced040000 - 0x00007ffced058000 	C:\Users\bhanu\Desktop\spring-tool-suite\sts-4.27.0.RELEASE\plugins\org.eclipse.justj.openjdk.hotspot.jre.full.win32.x86_64_21.0.5.v20241023-1957\jre\bin\jli.dll
0x00007ffceb650000 - 0x00007ffceb66e000 	C:\Users\bhanu\Desktop\spring-tool-suite\sts-4.27.0.RELEASE\plugins\org.eclipse.justj.openjdk.hotspot.jre.full.win32.x86_64_21.0.5.v20241023-1957\jre\bin\VCRUNTIME140.dll
0x00007ffd17600000 - 0x00007ffd177c9000 	C:\WINDOWS\System32\USER32.dll
0x00007ffd163e0000 - 0x00007ffd16407000 	C:\WINDOWS\System32\win32u.dll
0x00007ffcecd80000 - 0x00007ffced010000 	C:\WINDOWS\WinSxS\amd64_microsoft.windows.common-controls_6595b64144ccf1df_6.0.26100.3037_none_3e09262ce333c378\COMCTL32.dll
0x00007ffd16980000 - 0x00007ffd169aa000 	C:\WINDOWS\System32\GDI32.dll
0x00007ffd18860000 - 0x00007ffd18909000 	C:\WINDOWS\System32\msvcrt.dll
0x00007ffd164a0000 - 0x00007ffd165cb000 	C:\WINDOWS\System32\gdi32full.dll
0x00007ffd16330000 - 0x00007ffd163d3000 	C:\WINDOWS\System32\msvcp_win.dll
0x00007ffd16940000 - 0x00007ffd1696f000 	C:\WINDOWS\System32\IMM32.DLL
0x00007ffcf6970000 - 0x00007ffcf697c000 	C:\Users\bhanu\Desktop\spring-tool-suite\sts-4.27.0.RELEASE\plugins\org.eclipse.justj.openjdk.hotspot.jre.full.win32.x86_64_21.0.5.v20241023-1957\jre\bin\vcruntime140_1.dll
0x00007ffcbd4b0000 - 0x00007ffcbd53d000 	C:\Users\bhanu\Desktop\spring-tool-suite\sts-4.27.0.RELEASE\plugins\org.eclipse.justj.openjdk.hotspot.jre.full.win32.x86_64_21.0.5.v20241023-1957\jre\bin\msvcp140.dll
0x00007ffc78380000 - 0x00007ffc7910f000 	C:\Users\bhanu\Desktop\spring-tool-suite\sts-4.27.0.RELEASE\plugins\org.eclipse.justj.openjdk.hotspot.jre.full.win32.x86_64_21.0.5.v20241023-1957\jre\bin\server\jvm.dll
0x00007ffd17540000 - 0x00007ffd175f4000 	C:\WINDOWS\System32\ADVAPI32.dll
0x00007ffd18910000 - 0x00007ffd189b6000 	C:\WINDOWS\System32\sechost.dll
0x00007ffd16fa0000 - 0x00007ffd170b6000 	C:\WINDOWS\System32\RPCRT4.dll
0x00007ffd16a80000 - 0x00007ffd16af4000 	C:\WINDOWS\System32\WS2_32.dll
0x00007ffd15c90000 - 0x00007ffd15cde000 	C:\WINDOWS\SYSTEM32\POWRPROF.dll
0x00007ffd0afd0000 - 0x00007ffd0b006000 	C:\WINDOWS\SYSTEM32\WINMM.dll
0x00007ffd020e0000 - 0x00007ffd020eb000 	C:\WINDOWS\SYSTEM32\VERSION.dll
0x00007ffd15c70000 - 0x00007ffd15c84000 	C:\WINDOWS\SYSTEM32\UMPDC.dll
0x00007ffd14c30000 - 0x00007ffd14c4a000 	C:\WINDOWS\SYSTEM32\kernel.appcore.dll
0x00007ffd0fdf0000 - 0x00007ffd0fdfa000 	C:\Users\bhanu\Desktop\spring-tool-suite\sts-4.27.0.RELEASE\plugins\org.eclipse.justj.openjdk.hotspot.jre.full.win32.x86_64_21.0.5.v20241023-1957\jre\bin\jimage.dll
0x00007ffd134d0000 - 0x00007ffd13711000 	C:\WINDOWS\SYSTEM32\DBGHELP.DLL
0x00007ffd177d0000 - 0x00007ffd17b4e000 	C:\WINDOWS\System32\combase.dll
0x00007ffd172c0000 - 0x00007ffd17396000 	C:\WINDOWS\System32\OLEAUT32.dll
0x00007ffce9220000 - 0x00007ffce9259000 	C:\WINDOWS\SYSTEM32\dbgcore.DLL
0x00007ffd161d0000 - 0x00007ffd16269000 	C:\WINDOWS\System32\bcryptPrimitives.dll
0x00007ffce1800000 - 0x00007ffce183c000 	C:\Users\bhanu\Desktop\spring-tool-suite\sts-4.27.0.RELEASE\plugins\org.eclipse.justj.openjdk.hotspot.jre.full.win32.x86_64_21.0.5.v20241023-1957\jre\bin\jdwp.dll
0x00007ffcfc610000 - 0x00007ffcfc61f000 	C:\Users\bhanu\Desktop\spring-tool-suite\sts-4.27.0.RELEASE\plugins\org.eclipse.justj.openjdk.hotspot.jre.full.win32.x86_64_21.0.5.v20241023-1957\jre\bin\instrument.dll
0x00007ffcfc6f0000 - 0x00007ffcfc70f000 	C:\Users\bhanu\Desktop\spring-tool-suite\sts-4.27.0.RELEASE\plugins\org.eclipse.justj.openjdk.hotspot.jre.full.win32.x86_64_21.0.5.v20241023-1957\jre\bin\java.dll
0x00007ffd17bb0000 - 0x00007ffd182b4000 	C:\WINDOWS\System32\SHELL32.dll
0x00007ffd13ad0000 - 0x00007ffd14307000 	C:\WINDOWS\SYSTEM32\windows.storage.dll
0x00007ffd16d50000 - 0x00007ffd16e39000 	C:\WINDOWS\System32\SHCORE.dll
0x00007ffd170c0000 - 0x00007ffd1711d000 	C:\WINDOWS\System32\shlwapi.dll
0x00007ffd15d10000 - 0x00007ffd15d3e000 	C:\WINDOWS\SYSTEM32\profapi.dll
0x00007ffcf6370000 - 0x00007ffcf6388000 	C:\Users\bhanu\Desktop\spring-tool-suite\sts-4.27.0.RELEASE\plugins\org.eclipse.justj.openjdk.hotspot.jre.full.win32.x86_64_21.0.5.v20241023-1957\jre\bin\zip.dll
0x00007ffcf6be0000 - 0x00007ffcf6beb000 	C:\Users\bhanu\Desktop\spring-tool-suite\sts-4.27.0.RELEASE\plugins\org.eclipse.justj.openjdk.hotspot.jre.full.win32.x86_64_21.0.5.v20241023-1957\jre\bin\dt_socket.dll
0x00007ffd14620000 - 0x00007ffd14652000 	C:\WINDOWS\SYSTEM32\IPHLPAPI.DLL
0x00007ffd15140000 - 0x00007ffd151a8000 	C:\WINDOWS\system32\mswsock.dll
0x00007ffd146b0000 - 0x00007ffd147d5000 	C:\WINDOWS\SYSTEM32\DNSAPI.dll
0x00007ffd18750000 - 0x00007ffd1875a000 	C:\WINDOWS\System32\NSI.dll
0x00007ffd0ad80000 - 0x00007ffd0ad8b000 	C:\Windows\System32\rasadhlp.dll
0x00007ffd0e520000 - 0x00007ffd0e5a5000 	C:\WINDOWS\System32\fwpuclnt.dll
0x00007ffd0fc90000 - 0x00007ffd0fca0000 	C:\Users\bhanu\Desktop\spring-tool-suite\sts-4.27.0.RELEASE\plugins\org.eclipse.justj.openjdk.hotspot.jre.full.win32.x86_64_21.0.5.v20241023-1957\jre\bin\net.dll
0x00007ffd0dbc0000 - 0x00007ffd0dcde000 	C:\WINDOWS\SYSTEM32\WINHTTP.dll
0x00007ffcf6350000 - 0x00007ffcf6366000 	C:\Users\bhanu\Desktop\spring-tool-suite\sts-4.27.0.RELEASE\plugins\org.eclipse.justj.openjdk.hotspot.jre.full.win32.x86_64_21.0.5.v20241023-1957\jre\bin\nio.dll
0x00007ffcf60f0000 - 0x00007ffcf60fa000 	C:\Users\bhanu\Desktop\spring-tool-suite\sts-4.27.0.RELEASE\plugins\org.eclipse.justj.openjdk.hotspot.jre.full.win32.x86_64_21.0.5.v20241023-1957\jre\bin\management.dll
0x00007ffcf5f40000 - 0x00007ffcf5f4b000 	C:\Users\bhanu\Desktop\spring-tool-suite\sts-4.27.0.RELEASE\plugins\org.eclipse.justj.openjdk.hotspot.jre.full.win32.x86_64_21.0.5.v20241023-1957\jre\bin\management_ext.dll
0x00007ffd16930000 - 0x00007ffd16938000 	C:\WINDOWS\System32\PSAPI.DLL
0x00007ffce0620000 - 0x00007ffce0638000 	C:\WINDOWS\system32\napinsp.dll
0x00007ffce05e0000 - 0x00007ffce05f2000 	C:\WINDOWS\System32\winrnr.dll
0x00007ffce05b0000 - 0x00007ffce05d2000 	C:\WINDOWS\system32\nlansp_c.dll
0x00007ffd09330000 - 0x00007ffd09346000 	C:\WINDOWS\system32\wshbth.dll
0x00007ffd153f0000 - 0x00007ffd1540c000 	C:\WINDOWS\SYSTEM32\CRYPTSP.dll
0x00007ffd14b90000 - 0x00007ffd14bc8000 	C:\WINDOWS\system32\rsaenh.dll
0x00007ffd151e0000 - 0x00007ffd1520b000 	C:\WINDOWS\SYSTEM32\USERENV.dll
0x00007ffd15620000 - 0x00007ffd15646000 	C:\WINDOWS\SYSTEM32\bcrypt.dll
0x00007ffd153e0000 - 0x00007ffd153ec000 	C:\WINDOWS\SYSTEM32\CRYPTBASE.dll
0x00007ffcf6810000 - 0x00007ffcf6819000 	C:\Users\bhanu\Desktop\spring-tool-suite\sts-4.27.0.RELEASE\plugins\org.eclipse.justj.openjdk.hotspot.jre.full.win32.x86_64_21.0.5.v20241023-1957\jre\bin\extnet.dll
0x00007ffcfb900000 - 0x00007ffcfb910000 	C:\Users\bhanu\Desktop\spring-tool-suite\sts-4.27.0.RELEASE\plugins\org.eclipse.justj.openjdk.hotspot.jre.full.win32.x86_64_21.0.5.v20241023-1957\jre\bin\verify.dll
0x00007ffcfb830000 - 0x00007ffcfb83e000 	C:\Users\bhanu\Desktop\spring-tool-suite\sts-4.27.0.RELEASE\plugins\org.eclipse.justj.openjdk.hotspot.jre.full.win32.x86_64_21.0.5.v20241023-1957\jre\bin\sunmscapi.dll
0x00007ffd16720000 - 0x00007ffd16896000 	C:\WINDOWS\System32\CRYPT32.dll
0x00007ffd155e0000 - 0x00007ffd15610000 	C:\WINDOWS\SYSTEM32\ncrypt.dll
0x00007ffd15590000 - 0x00007ffd155cf000 	C:\WINDOWS\SYSTEM32\NTASN1.dll

dbghelp: loaded successfully - version: 4.0.5 - missing functions: none
symbol engine: initialized successfully - sym options: 0x614 - pdb path: .;C:\Users\bhanu\Desktop\spring-tool-suite\sts-4.27.0.RELEASE\plugins\org.eclipse.justj.openjdk.hotspot.jre.full.win32.x86_64_21.0.5.v20241023-1957\jre\bin;C:\WINDOWS\SYSTEM32;C:\WINDOWS\WinSxS\amd64_microsoft.windows.common-controls_6595b64144ccf1df_6.0.26100.3037_none_3e09262ce333c378;C:\Users\bhanu\Desktop\spring-tool-suite\sts-4.27.0.RELEASE\plugins\org.eclipse.justj.openjdk.hotspot.jre.full.win32.x86_64_21.0.5.v20241023-1957\jre\bin\server

VM Arguments:
jvm_args: -XX:+ShowCodeDetailsInExceptionMessages -agentlib:jdwp=transport=dt_socket,suspend=y,address=localhost:63471 -Dcom.sun.management.jmxremote -Dcom.sun.management.jmxremote.port=63470 -Dcom.sun.management.jmxremote.authenticate=false -Dcom.sun.management.jmxremote.ssl=false -Djava.rmi.server.hostname=localhost -Dspring.jmx.enabled=true -Dmanagement.endpoints.jmx.exposure.include=* -Dspring.application.admin.enabled=true -XX:TieredStopAtLevel=1 -Dspring.boot.project.name=Security -javaagent:C:\Users\bhanu\Desktop\spring-tool-suite\sts-4.27.0.RELEASE\configuration\org.eclipse.osgi\275\0\.cp\lib\javaagent-shaded.jar -Dfile.encoding=UTF-8 -Dstdout.encoding=UTF-8 -Dstderr.encoding=UTF-8 
java_command: com.sai.Security.SecurityApplication --spring.output.ansi.enabled=always
java_class_path (initial): C:\Users\bhanu\Documents\workspace-spring-tool-suite-4-4.27.0.RELEASE\Security\target\classes;C:\Users\bhanu\.m2\repository\org\springframework\boot\spring-boot-starter-security\3.4.2\spring-boot-starter-security-3.4.2.jar;C:\Users\bhanu\.m2\repository\org\springframework\boot\spring-boot-starter\3.4.2\spring-boot-starter-3.4.2.jar;C:\Users\bhanu\.m2\repository\org\springframework\boot\spring-boot-starter-logging\3.4.2\spring-boot-starter-logging-3.4.2.jar;C:\Users\bhanu\.m2\repository\ch\qos\logback\logback-classic\1.5.16\logback-classic-1.5.16.jar;C:\Users\bhanu\.m2\repository\ch\qos\logback\logback-core\1.5.16\logback-core-1.5.16.jar;C:\Users\bhanu\.m2\repository\org\apache\logging\log4j\log4j-to-slf4j\2.24.3\log4j-to-slf4j-2.24.3.jar;C:\Users\bhanu\.m2\repository\org\apache\logging\log4j\log4j-api\2.24.3\log4j-api-2.24.3.jar;C:\Users\bhanu\.m2\repository\org\slf4j\jul-to-slf4j\2.0.16\jul-to-slf4j-2.0.16.jar;C:\Users\bhanu\.m2\repository\jakarta\annotation\jakarta.annotation-api\2.1.1\jakarta.annotation-api-2.1.1.jar;C:\Users\bhanu\.m2\repository\org\yaml\snakeyaml\2.3\snakeyaml-2.3.jar;C:\Users\bhanu\.m2\repository\org\springframework\spring-aop\6.2.2\spring-aop-6.2.2.jar;C:\Users\bhanu\.m2\repository\org\springframework\spring-beans\6.2.2\spring-beans-6.2.2.jar;C:\Users\bhanu\.m2\repository\org\springframework\security\spring-security-config\6.4.2\spring-security-config-6.4.2.jar;C:\Users\bhanu\.m2\repository\org\springframework\spring-context\6.2.2\spring-context-6.2.2.jar;C:\Users\bhanu\.m2\repository\org\springframework\security\spring-security-web\6.4.2\spring-security-web-6.4.2.jar;C:\Users\bhanu\.m2\repository\org\springframework\spring-expression\6.2.2\spring-expression-6.2.2.jar;C:\Users\bhanu\.m2\repository\org\springframework\boot\spring-boot-starter-web\3.4.2\spring-boot-starter-web-3.4.2.jar;C:\Users\bhanu\.m2\repository\org\springframework\boot\spring-boot-starter-json\3.4.2\spring-boot-starter-json-3.4.2.jar;C:\Users\bhanu\.m2\repository\com\fasterxml\jackson\core\jackson-databind\2.18.2\jackson-databind-2.18.2.jar;C:\Users\bhanu\.m2\repository\com\fasterxml\jackson\core\jackson-annotations\2.18.2\jackson-annotations-2.18.2.jar;C:\Users\bhanu\.m2\repository\com\fasterxml\jackson\core\jackson-core\2.18.2\jackson-core-2.18.2.jar;C:\Users\bhanu\.m2\repository\com\fasterxml\jackson\datatype\jackson-datatype-jdk8\2.18.2\jackson-datatype-jdk8-2.18.2.jar;C:\Users\bhanu\.m2\repository\com\fasterxml\jackson\datatype\jackson-datatype-jsr310\2.18.2\jackson-datatype-jsr310-2.18.2.jar;C:\Users\bhanu\.m2\repository\com\fasterxml\jackson\module\jackson-module-parameter-names\2.18.2\jackson-module-parameter-names-2.18.2.jar;C:\Users\bhanu\.m2\repository\org\springframework\boot\spring-boot-starter-tomcat\3.4.2\spring-boot-starter-tomcat-3.4.2.jar;C:\Users\bhanu\.m2\repository\org\apache\tomcat\embed\tomcat-embed-core\10.1.34\tomcat-embed-core-10.1.34.jar;C:\Users\bhanu\.m2\repository\org\apache\tomcat\embed\tomcat-embed-el\10.1.34\tomcat-embed-el-10.1.34.jar;C:\Users\bhanu\.m2\repository\org\apache\tomcat\embed\tomcat-embed-websocket\10.1.34\tomcat-embed-websocket-10.1.34.jar;C:\Users\bhanu\.m2\repository\org\springframework\spring-web\6.2.2\spring-web-6.2.2.jar;C:\Users\bhanu\.m2\repository\io\micrometer\micrometer-observation\1.14.3\micrometer-observation-1.14.3.jar;C:\Users\bhanu\.m2\repository\io\micrometer\micrometer-commons\1.14.3\micrometer-commons-1.14.3.jar;C:\Users\bhanu\.m2\repository\org\springframework\spring-webmvc\6.2.2\spring-webmvc-6.2.2.jar;C:\Users\bhanu\.m2\repository\org\springframework\boot\spring-boot-devtools\3.4.2\spring-boot-devtools-3.4.2.jar;C:\Users\bhanu\.m2\repository\org\springframework\boot\spring-boot\3.4.2\spring-boot-3.4.2.jar;C:\Users\bhanu\.m2\repository\org\springframework\boot\spring-boot-autoconfigure\3.4.2\spring-boot-autoconfigure-3.4.2.jar;C:\Users\bhanu\.m2\repository\org\slf4j\slf4j-api\2.0.16\slf4j-api-2.0.16.jar;C:\Users\bhanu\.m2\repository\org\springframework\spring-core\6.2.2\spring-core-6.2.2.jar;C:\Users\bhanu\.m2\repository\org\springframework\spring-jcl\6.2.2\spring-jcl-6.2.2.jar;C:\Users\bhanu\.m2\repository\org\springframework\security\spring-security-core\6.4.2\spring-security-core-6.4.2.jar;C:\Users\bhanu\.m2\repository\org\springframework\security\spring-security-crypto\6.4.2\spring-security-crypto-6.4.2.jar
Launcher Type: SUN_STANDARD

[Global flags]
     intx CICompilerCount                          = 4                                         {product} {ergonomic}
     uint ConcGCThreads                            = 3                                         {product} {ergonomic}
     uint G1ConcRefinementThreads                  = 10                                        {product} {ergonomic}
   size_t G1HeapRegionSize                         = 2097152                                   {product} {ergonomic}
    uintx GCDrainStackTargetSize                   = 64                                        {product} {ergonomic}
   size_t InitialHeapSize                          = 264241152                                 {product} {ergonomic}
     bool ManagementServer                         = true                                      {product} {command line}
   size_t MarkStackSize                            = 4194304                                   {product} {ergonomic}
   size_t MaxHeapSize                              = 4202692608                                {product} {ergonomic}
   size_t MaxNewSize                               = 2520776704                                {product} {ergonomic}
   size_t MinHeapDeltaBytes                        = 2097152                                   {product} {ergonomic}
   size_t MinHeapSize                              = 8388608                                   {product} {ergonomic}
    uintx NonNMethodCodeHeapSize                   = 4096                                   {pd product} {ergonomic}
    uintx NonProfiledCodeHeapSize                  = 0                                      {pd product} {ergonomic}
     bool ProfileInterpreter                       = false                                  {pd product} {command line}
    uintx ProfiledCodeHeapSize                     = 0                                      {pd product} {ergonomic}
     bool ShowCodeDetailsInExceptionMessages       = true                                   {manageable} {command line}
   size_t SoftMaxHeapSize                          = 4202692608                             {manageable} {ergonomic}
     intx TieredStopAtLevel                        = 1                                         {product} {command line}
     bool UseCompressedOops                        = true                           {product lp64_product} {ergonomic}
     bool UseG1GC                                  = true                                      {product} {ergonomic}
     bool UseLargePagesIndividualAllocation        = false                                  {pd product} {ergonomic}

Logging:
Log output configuration:
 #0: stdout all=warning uptime,level,tags foldmultilines=false
 #1: stderr all=off uptime,level,tags foldmultilines=false

Environment Variables:
PATH=C:\Users\bhanu\Desktop\spring-tool-suite\sts-4.27.0.RELEASE\plugins\org.eclipse.justj.openjdk.hotspot.jre.full.win32.x86_64_21.0.5.v20241023-1957\jre\bin;C:/Users/bhanu/Desktop/spring-tool-suite/sts-4.27.0.RELEASE//plugins/org.eclipse.justj.openjdk.hotspot.jre.full.win32.x86_64_21.0.5.v20241023-1957/jre/bin/server;C:/Users/bhanu/Desktop/spring-tool-suite/sts-4.27.0.RELEASE//plugins/org.eclipse.justj.openjdk.hotspot.jre.full.win32.x86_64_21.0.5.v20241023-1957/jre/bin;C:\Python313\Scripts\;C:\Python313\;C:\windows\system32;C:\windows;C:\windows\System32\Wbem;C:\windows\System32\WindowsPowerShell\v1.0\;C:\windows\System32\OpenSSH\;C:\Program Files\HP\HP One Agent;C:\Program Files\nodejs;C:\ProgramData\chocolatey\bin;C:\WINDOWS\system32;C:\WINDOWS;C:\WINDOWS\System32\Wbem;C:\WINDOWS\System32\WindowsPowerShell\v1.0\;C:\WINDOWS\System32\OpenSSH\;C:\Program Files\Git\cmd;C:\Users\bhanu\AppData\Roaming\npm;C:\Program Files\MySQL\MySQL Shell 8.0\bin\;C:\Users\bhanu\AppData\Local\Microsoft\WindowsApps;C:\Users\bhanu\AppData\Local\Programs\Microsoft VS Code\bin;C:\Users\bhanu\AppData\Roaming\npm;;C:\Users\bhanu\Desktop\spring-tool-suite\sts-4.27.0.RELEASE;
USERNAME=bhanu
OS=Windows_NT
PROCESSOR_IDENTIFIER=Intel64 Family 6 Model 186 Stepping 3, GenuineIntel
TMP=C:\Users\bhanu\AppData\Local\Temp
TEMP=C:\Users\bhanu\AppData\Local\Temp




Periodic native trim disabled

---------------  S Y S T E M  ---------------

OS:
 Windows 11 , 64 bit Build 26100 (10.0.26100.3037)
OS uptime: 7 days 1:28 hours
Hyper-V role detected

CPU: total 12 (initial active 12) (6 cores per cpu, 2 threads per core) family 6 model 186 stepping 3 microcode 0x4121, cx8, cmov, fxsr, ht, mmx, 3dnowpref, sse, sse2, sse3, ssse3, sse4.1, sse4.2, popcnt, lzcnt, tsc, tscinvbit, avx, avx2, aes, erms, clmul, bmi1, bmi2, adx, sha, fma, vzeroupper, clflush, clflushopt, clwb, hv, serialize, rdtscp, rdpid, fsrm, f16c, cet_ibt, cet_ss
Processor Information for processor 0
  Max Mhz: 1700, Current Mhz: 1700, Mhz Limit: 1700
Processor Information for processor 1
  Max Mhz: 1700, Current Mhz: 1700, Mhz Limit: 1700
Processor Information for processor 2
  Max Mhz: 1700, Current Mhz: 1700, Mhz Limit: 1700
Processor Information for processor 3
  Max Mhz: 1700, Current Mhz: 1700, Mhz Limit: 1700
Processor Information for processor 4
  Max Mhz: 1700, Current Mhz: 1200, Mhz Limit: 1190
Processor Information for processor 5
  Max Mhz: 1700, Current Mhz: 1200, Mhz Limit: 1190
Processor Information for processor 6
  Max Mhz: 1700, Current Mhz: 1200, Mhz Limit: 1190
Processor Information for processor 7
  Max Mhz: 1700, Current Mhz: 1200, Mhz Limit: 1190
Processor Information for processor 8
  Max Mhz: 1700, Current Mhz: 1200, Mhz Limit: 1190
Processor Information for processor 9
  Max Mhz: 1700, Current Mhz: 1200, Mhz Limit: 1190
Processor Information for processor 10
  Max Mhz: 1700, Current Mhz: 1200, Mhz Limit: 1190
Processor Information for processor 11
  Max Mhz: 1700, Current Mhz: 1200, Mhz Limit: 1190

Memory: 4k page, system-wide physical 16027M (3758M free)
TotalPageFile size 19099M (AvailPageFile size 886M)
current process WorkingSet (physical memory assigned to process): 154M, peak: 232M
current process commit charge ("private bytes"): 201M, peak: 376M

vm_info: OpenJDK 64-Bit Server VM (21.0.5+11-LTS) for windows-amd64 JRE (21.0.5+11-LTS), built on 2024-10-15T00:00:00Z by "admin" with MS VC++ 17.7 (VS2022)

END.
