#
# A fatal error has been detected by the Java Runtime Environment:
#
#  EXCEPTION_ACCESS_VIOLATION (0xc0000005) at pc=0x000001fb8bd21050, pid=24912, tid=6132
#
# JRE version: OpenJDK Runtime Environment Temurin-21.0.5+11 (21.0.5+11) (build 21.0.5+11-LTS)
# Java VM: OpenJDK 64-Bit Server VM Temurin-21.0.5+11 (21.0.5+11-LTS, mixed mode, emulated-client, sharing, tiered, compressed oops, compressed class ptrs, g1 gc, windows-amd64)
# Problematic frame:
# v  ~BufferBlob::MethodHandles adapters 0x000001fb8bd21050
#
# No core dump will be written. Minidumps are not enabled by default on client versions of Windows
#
# If you would like to submit a bug report, please visit:
#   https://github.com/adoptium/adoptium-support/issues
#

---------------  S U M M A R Y ------------

Command Line: -XX:+ShowCodeDetailsInExceptionMessages -agentlib:jdwp=transport=dt_socket,suspend=y,address=localhost:63579 -Dcom.sun.management.jmxremote -Dcom.sun.management.jmxremote.port=63578 -Dcom.sun.management.jmxremote.authenticate=false -Dcom.sun.management.jmxremote.ssl=false -Djava.rmi.server.hostname=localhost -Dspring.jmx.enabled=true -Dmanagement.endpoints.jmx.exposure.include=* -Dspring.application.admin.enabled=true -XX:TieredStopAtLevel=1 -Dspring.boot.project.name=Security -javaagent:C:\Users\bhanu\Desktop\spring-tool-suite\sts-4.27.0.RELEASE\configuration\org.eclipse.osgi\275\0\.cp\lib\javaagent-shaded.jar -Dfile.encoding=UTF-8 -Dstdout.encoding=UTF-8 -Dstderr.encoding=UTF-8 com.sai.Security.SecurityApplication --spring.output.ansi.enabled=always

Host: 13th Gen Intel(R) Core(TM) i7-1355U, 12 cores, 15G,  Windows 11 , 64 bit Build 26100 (10.0.26100.3037)
Time: Fri Feb  7 11:41:56 2025 Mountain Standard Time elapsed time: 1110.544216 seconds (0d 0h 18m 30s)

---------------  T H R E A D  ---------------

Current thread (0x000001fbdd6c3bf0):  JavaThread "restartedMain"        [_thread_in_Java, id=6132, stack(0x000000dda9a00000,0x000000dda9b00000) (1024K)]

Stack: [0x000000dda9a00000,0x000000dda9b00000],  sp=0x000000dda9afdff8,  free space=1015k
Native frames: (J=compiled Java code, j=interpreted, Vv=VM code, C=native code)
C  0x000001fb8bd21050

The last pc belongs to _linkToSpecial (printed below).

siginfo: EXCEPTION_ACCESS_VIOLATION (0xc0000005), reading address 0xffffffffffffffff


Registers:
RAX=0x000001fb8bcf9086, RBX=0xe10a0b4b00000000, RCX=0x000000dda9afe000, RDX=0x0000000000000002
RSP=0x000000dda9afdff8, RBP=0x000000dda9afe048, RSI=0x000001fbde2b4f98, RDI=0x000001fbdd965330
R8 =0x0000000000000004, R9 =0x0000000000000004, R10=0x00007ffc7903d040, R11=0x000001fb980b5b20
R12=0x0000000000000000, R13=0x000000dda9afdff8, R14=0x000000dda9afe068, R15=0x000001fbdd6c3bf0
RIP=0x000001fb8bd21050, EFLAGS=0x0000000000010202


Register to memory mapping:

RAX=0x000001fb8bcf9086 is at code_begin+3078 in an Interpreter codelet
return entry points  [0x000001fb8bcf8480, 0x000001fb8bcfa298]  7704 bytes
RBX=0xe10a0b4b00000000 is an unknown value
RCX=0x000000dda9afe000 is pointing into the stack for thread: 0x000001fbdd6c3bf0
RDX=0x0000000000000002 is an unknown value
RSP=0x000000dda9afdff8 is pointing into the stack for thread: 0x000001fbdd6c3bf0
RBP=0x000000dda9afe048 is pointing into the stack for thread: 0x000001fbdd6c3bf0
RSI=0x000001fbde2b4f98 points into unknown readable memory: 0x880008720ff45468 | 68 54 f4 0f 72 08 00 88
RDI=0x000001fbdd965330 points into unknown readable memory: 0x0000001800000070 | 70 00 00 00 18 00 00 00
R8 =0x0000000000000004 is an unknown value
R9 =0x0000000000000004 is an unknown value
R10=0x00007ffc7903d040 jvm.dll
R11={method} {0x000001fb980b5b28} 'newInvokeSpecial' '(Ljava/lang/Object;)Ljava/lang/Object;' in 'java/lang/invoke/DirectMethodHandle$Holder'
R12=0x0 is null
R13=0x000000dda9afdff8 is pointing into the stack for thread: 0x000001fbdd6c3bf0
R14=0x000000dda9afe068 is pointing into the stack for thread: 0x000001fbdd6c3bf0
R15=0x000001fbdd6c3bf0 is a thread

Top of Stack: (sp=0x000000dda9afdff8)
0x000000dda9afdff8:   000001fb8bcf9086 000000dda9afe000
0x000000dda9afe008:   000001fb9872be1f 0000000000000004
0x000000dda9afe018:   000001fb980b0fd8 000000070de37a30
0x000000dda9afe028:   0000000705878b40 000001fb980b5b20
0x000000dda9afe038:   000000dda9afdff8 000000dda9afe070
0x000000dda9afe048:   000000dda9afe3e0 000001fb8c08304b
0x000000dda9afe058:   0000000708505960 0000000708505a08
0x000000dda9afe068:   00000007085059c0 0000000708505720
0x000000dda9afe078:   00007ffce1832bb0 000000dda9afe3e0
0x000000dda9afe088:   000001fb8c62fc8c 0000000000000000
0x000000dda9afe098:   00007ffc789187f1 000001fb974e37d0
0x000000dda9afe0a8:   000000dda9afb810 000001fbdd636001
0x000000dda9afe0b8:   000001fbdd049bf0 000001fb974e37d0
0x000000dda9afe0c8:   00007ffc788f893e 000001fbdd6c3bf0
0x000000dda9afe0d8:   000001fb974e37d0 0000000000000000
0x000000dda9afe0e8:   0000000705951770 000000070de37a30
0x000000dda9afe0f8:   00000007085055e8 00000007085055e8
0x000000dda9afe108:   0000000708505720 00000007085059f0
0x000000dda9afe118:   0000000708505778 000000070de37a30
0x000000dda9afe128:   0000000000000001 000000dda9afe3e0
0x000000dda9afe138:   000001fb00000000 0000000000000000
0x000000dda9afe148:   0000000000000000 00000007085059c0
0x000000dda9afe158:   000001fb8c08425c 0000000000000000
0x000000dda9afe168:   0000000000000000 0000000000000000
0x000000dda9afe178:   000001fbdd2a1900 000001fbdd6c3bf0
0x000000dda9afe188:   0000000000000000 0000000708505720
0x000000dda9afe198:   0000000000000000 00000007085055e8
0x000000dda9afe1a8:   00000007085059f0 0000000708505720
0x000000dda9afe1b8:   0000000000000000 0000000708505600
0x000000dda9afe1c8:   000001fb8c08256c 000000dda9afe3e0
0x000000dda9afe1d8:   000001fb8c07fb6a 0000000000000000
0x000000dda9afe1e8:   000001fb8bfc3ba9 000001fbdd6c3bf0 

Instructions: (pc=0x000001fb8bd21050)
0x000001fb8bd20f50:   bf d8 05 00 00 00 74 03 ff 63 38 ff 63 50 e9 9d
0x000001fb8bd20f60:   16 00 00 66 66 66 0f 1f 84 00 00 00 00 00 66 66
0x000001fb8bd20f70:   66 90 66 66 0f 1f 84 00 00 00 00 00 66 66 66 90
0x000001fb8bd20f80:   48 8b 53 08 0f b7 52 2e 48 8b 0c d4 58 5b 50 44
0x000001fb8bd20f90:   8b 51 08 49 bb 00 00 00 98 fb 01 00 00 4d 03 d3
0x000001fb8bd20fa0:   4c 8b 5b 10 4b 8b 9c da c0 01 00 00 48 85 db 0f
0x000001fb8bd20fb0:   84 10 00 00 00 41 80 bf d8 05 00 00 00 74 03 ff
0x000001fb8bd20fc0:   63 38 ff 63 50 e9 36 16 00 00 66 66 66 0f 1f 84
0x000001fb8bd20fd0:   00 00 00 00 00 66 66 66 90 0f 1f 80 00 00 00 00
0x000001fb8bd20fe0:   58 5b 50 8b 5b 24 48 c1 e3 03 48 8b 5b 10 48 85
0x000001fb8bd20ff0:   db 0f 84 10 00 00 00 41 80 bf d8 05 00 00 00 74
0x000001fb8bd21000:   03 ff 63 38 ff 63 50 e9 f4 15 00 00 66 66 66 0f
0x000001fb8bd21010:   1f 84 00 00 00 00 00 66 66 66 90 0f 1f 44 00 00
0x000001fb8bd21020:   48 8b 53 08 0f b7 52 2e 48 8b 0c d4 58 5b 50 48
0x000001fb8bd21030:   3b 01 8b 5b 24 48 c1 e3 03 48 8b 5b 10 48 85 db
0x000001fb8bd21040:   0f 84 10 00 00 00 41 80 bf d8 05 00 00 00 74 03
0x000001fb8bd21050:   ff 63 38 ff 63 50 e9 a5 15 00 00 0f 1f 44 00 00
0x000001fb8bd21060:   48 8b 53 08 0f b7 52 2e 48 8b 0c d4 58 5b 50 44
0x000001fb8bd21070:   8b 51 08 49 bb 00 00 00 98 fb 01 00 00 4d 03 d3
0x000001fb8bd21080:   8b 43 18 48 c1 e0 03 48 8b 40 10 48 8b 5b 10 45
0x000001fb8bd21090:   8b 9a a0 00 00 00 4f 8d 9c da c0 01 00 00 4d 8d
0x000001fb8bd210a0:   14 da 49 8b 1b 48 3b c3 74 15 48 85 db 0f 84 32
0x000001fb8bd210b0:   00 00 00 49 83 c3 10 49 8b 1b 48 3b c3 75 eb 45
0x000001fb8bd210c0:   8b 5b 08 4b 8b 1c 1a 48 85 db 0f 84 10 00 00 00
0x000001fb8bd210d0:   41 80 bf d8 05 00 00 00 74 03 ff 63 38 ff 63 50
0x000001fb8bd210e0:   e9 1b 15 00 00 e9 16 12 00 00 f4 00 00 00 00 00
0x000001fb8bd210f0:   00 00 00 00 00 00 00 00 00 00 00 00 00 00 00 00
0x000001fb8bd21100:   00 00 00 00 00 00 00 00 00 00 00 00 00 00 00 00
0x000001fb8bd21110:   00 00 00 00 00 00 00 00 00 00 00 00 00 00 00 00
0x000001fb8bd21120:   00 00 00 00 00 00 00 00 00 00 00 00 00 00 00 00
0x000001fb8bd21130:   00 00 00 00 00 00 00 00 00 00 00 00 00 00 00 00
0x000001fb8bd21140:   00 00 00 00 00 00 00 00 00 00 00 00 00 00 00 00 


Stack slot to memory mapping:

stack at sp + 0 slots: 0x000001fb8bcf9086 is at code_begin+3078 in an Interpreter codelet
return entry points  [0x000001fb8bcf8480, 0x000001fb8bcfa298]  7704 bytes
stack at sp + 1 slots: 0x000000dda9afe000 is pointing into the stack for thread: 0x000001fbdd6c3bf0
stack at sp + 2 slots: 0x000001fb9872be1f is pointing into metadata
stack at sp + 3 slots: 0x0000000000000004 is an unknown value
stack at sp + 4 slots: 0x000001fb980b0fd8 is pointing into metadata
stack at sp + 5 slots: 0x000000070de37a30 is an oop: java.lang.Class 
{0x000000070de37a30} - klass: 'java/lang/Class'
 - ---- fields (total size 14 words):
 - private volatile transient 'classRedefinedCount' 'I' @12  1 (0x00000001)
 - injected 'klass' 'J' @16  2180116552696 (0x000001fb99129bf8)
 - injected 'array_klass' 'J' @24  0 (0x0000000000000000)
 - injected 'oop_size' 'I' @32  14 (0x0000000e)
 - injected 'static_oop_field_count' 'I' @36  0 (0x00000000)
 - private volatile transient 'cachedConstructor' 'Ljava/lang/reflect/Constructor;' @40  null (0x00000000)
 - private transient 'name' 'Ljava/lang/String;' @44  "com.sai.Security.Controller.StudentController"{0x000000070de37aa0} (0xe1bc6f54)
 - private transient 'module' 'Ljava/lang/Module;' @48  a 'java/lang/Module'{0x0000000705e4b3d8} (0xe0bc967b)
 - private final 'classLoader' 'Ljava/lang/ClassLoader;' @52  a 'org/springframework/boot/devtools/restart/classloader/RestartClassLoader'{0x0000000705e01668} (0xe0bc02cd)
 - private transient 'classData' 'Ljava/lang/Object;' @56  null (0x00000000)
 - private transient 'packageName' 'Ljava/lang/String;' @60  "com.sai.Security.Controller"{0x000000070de37af8} (0xe1bc6f5f)
 - private final 'componentType' 'Ljava/lang/Class;' @64  null (0x00000000)
 - private volatile transient 'reflectionData' 'Ljava/lang/ref/SoftReference;' @68  a 'java/lang/ref/SoftReference'{0x0000000708502ce0} (0xe10a059c)
 - private volatile transient 'genericInfo' 'Lsun/reflect/generics/repository/ClassRepository;' @72  null (0x00000000)
 - private volatile transient 'enumConstants' '[Ljava/lang/Object;' @76  null (0x00000000)
 - private volatile transient 'enumConstantDirectory' 'Ljava/util/Map;' @80  null (0x00000000)
 - private volatile transient 'annotationData' 'Ljava/lang/Class$AnnotationData;' @84  null (0x00000000)
 - private volatile transient 'annotationType' 'Lsun/reflect/annotation/AnnotationType;' @88  null (0x00000000)
 - transient 'classValueMap' 'Ljava/lang/ClassValue$ClassValueMap;' @92  null (0x00000000)
 - injected 'protection_domain' 'Ljava/lang/Object;' @96  a 'java/security/ProtectionDomain'{0x0000000705e06b88} (0xe0bc0d71)
 - injected 'signers_name' 'Ljava/lang/Object;' @100  null (0x00000000)
 - injected 'source_file' 'Ljava/lang/Object;' @104  null (0x00000000)
 - injected '<init_lock>' 'Ljava/lang/Object;' @108  null (0x00000000)
 - signature: Lcom/sai/Security/Controller/StudentController;
 - ---- static fields (0):
stack at sp + 6 slots: 0x0000000705878b40 is an oop: java.lang.Class 
{0x0000000705878b40} - klass: 'java/lang/Class'
 - ---- fields (total size 14 words):
 - private volatile transient 'classRedefinedCount' 'I' @12  0 (0x00000000)
 - injected 'klass' 'J' @16  2180099279792 (0x000001fb980b0bb0)
 - injected 'array_klass' 'J' @24  0 (0x0000000000000000)
 - injected 'oop_size' 'I' @32  14 (0x0000000e)
 - injected 'static_oop_field_count' 'I' @36  0 (0x00000000)
 - private volatile transient 'cachedConstructor' 'Ljava/lang/reflect/Constructor;' @40  null (0x00000000)
 - private transient 'name' 'Ljava/lang/String;' @44  null (0x00000000)
 - private transient 'module' 'Ljava/lang/Module;' @48  a 'java/lang/Module'{0x000000070587fcf8} (0xe0b0ff9f)
 - private final 'classLoader' 'Ljava/lang/ClassLoader;' @52  null (0x00000000)
 - private transient 'classData' 'Ljava/lang/Object;' @56  null (0x00000000)
 - private transient 'packageName' 'Ljava/lang/String;' @60  null (0x00000000)
 - private final 'componentType' 'Ljava/lang/Class;' @64  null (0x00000000)
 - private volatile transient 'reflectionData' 'Ljava/lang/ref/SoftReference;' @68  null (0x00000000)
 - private volatile transient 'genericInfo' 'Lsun/reflect/generics/repository/ClassRepository;' @72  null (0x00000000)
 - private volatile transient 'enumConstants' '[Ljava/lang/Object;' @76  null (0x00000000)
 - private volatile transient 'enumConstantDirectory' 'Ljava/util/Map;' @80  null (0x00000000)
 - private volatile transient 'annotationData' 'Ljava/lang/Class$AnnotationData;' @84  null (0x00000000)
 - private volatile transient 'annotationType' 'Lsun/reflect/annotation/AnnotationType;' @88  null (0x00000000)
 - transient 'classValueMap' 'Ljava/lang/ClassValue$ClassValueMap;' @92  null (0x00000000)
 - injected 'protection_domain' 'Ljava/lang/Object;' @96  null (0x00000000)
 - injected 'signers_name' 'Ljava/lang/Object;' @100  null (0x00000000)
 - injected 'source_file' 'Ljava/lang/Object;' @104  null (0x00000000)
 - injected '<init_lock>' 'Ljava/lang/Object;' @108  null (0x00000000)
 - signature: Ljava/lang/invoke/DirectMethodHandle$Holder;
 - ---- static fields (0):
stack at sp + 7 slots: {method} {0x000001fb980b5b28} 'newInvokeSpecial' '(Ljava/lang/Object;)Ljava/lang/Object;' in 'java/lang/invoke/DirectMethodHandle$Holder'

MethodHandle::interpreter_entry::_linkToSpecial [0x000001fb8bd2100c, 0x000001fb8bd2105b] (79 bytes)
[MachCode]
  0x000001fb8bd2100c: 6666 660f | 1f84 0000 | 0000 0066 | 6666 900f | 1f44 0000 | 488b 5308 | 0fb7 522e | 488b 0cd4 
  0x000001fb8bd2102c: 585b 5048 | 3b01 8b5b | 2448 c1e3 | 0348 8b5b | 1048 85db | 0f84 1000 | 0000 4180 | bfd8 0500 
  0x000001fb8bd2104c: 0000 7403 | ff63 38ff | 6350 e9a5 | 
[/MachCode]

---------------  P R O C E S S  ---------------

Threads class SMR info:
_java_thread_list=0x000001fbdd0493f0, length=24, elements={
0x000001fb868631c0, 0x000001fb971d7970, 0x000001fb971d84c0, 0x000001fb971df3e0,
0x000001fb971dfe30, 0x000001fb971e6fe0, 0x000001fb971f4760, 0x000001fb971f4dc0,
0x000001fb973b9530, 0x000001fb974e1670, 0x000001fb974e9dd0, 0x000001fb974ed980,
0x000001fbdd082ed0, 0x000001fbdd216e30, 0x000001fbdd2241f0, 0x000001fbdd2b46e0,
0x000001fbdd6bb210, 0x000001fbdd6c3bf0, 0x000001fbdd765020, 0x000001fbdd72a630,
0x000001fbdd776b70, 0x000001fbdd778c40, 0x000001fbdd777890, 0x000001fbdd777f20
}

Java Threads: ( => current thread )
  0x000001fb868631c0 JavaThread "main"                              [_thread_blocked, id=27840, stack(0x000000dda7600000,0x000000dda7700000) (1024K)]
  0x000001fb971d7970 JavaThread "Reference Handler"          daemon [_thread_blocked, id=9472, stack(0x000000dda7e00000,0x000000dda7f00000) (1024K)]
  0x000001fb971d84c0 JavaThread "Finalizer"                  daemon [_thread_blocked, id=20112, stack(0x000000dda7f00000,0x000000dda8000000) (1024K)]
  0x000001fb971df3e0 JavaThread "Signal Dispatcher"          daemon [_thread_blocked, id=11192, stack(0x000000dda8000000,0x000000dda8100000) (1024K)]
  0x000001fb971dfe30 JavaThread "Attach Listener"            daemon [_thread_blocked, id=27880, stack(0x000000dda8100000,0x000000dda8200000) (1024K)]
  0x000001fb971e6fe0 JavaThread "Service Thread"             daemon [_thread_blocked, id=10588, stack(0x000000dda8200000,0x000000dda8300000) (1024K)]
  0x000001fb971f4760 JavaThread "Monitor Deflation Thread"   daemon [_thread_blocked, id=12572, stack(0x000000dda8300000,0x000000dda8400000) (1024K)]
  0x000001fb971f4dc0 JavaThread "C1 CompilerThread0"         daemon [_thread_blocked, id=28412, stack(0x000000dda8400000,0x000000dda8500000) (1024K)]
  0x000001fb973b9530 JavaThread "Common-Cleaner"             daemon [_thread_blocked, id=4204, stack(0x000000dda8500000,0x000000dda8600000) (1024K)]
  0x000001fb974e1670 JavaThread "JDWP Transport Listener: dt_socket" daemon [_thread_blocked, id=9044, stack(0x000000dda8800000,0x000000dda8900000) (1024K)]
  0x000001fb974e9dd0 JavaThread "JDWP Event Helper Thread"   daemon [_thread_blocked, id=28516, stack(0x000000dda8900000,0x000000dda8a00000) (1024K)]
  0x000001fb974ed980 JavaThread "JDWP Command Reader"        daemon [_thread_in_native, id=18968, stack(0x000000dda8a00000,0x000000dda8b00000) (1024K)]
  0x000001fbdd082ed0 JavaThread "Notification Thread"        daemon [_thread_blocked, id=11964, stack(0x000000dda8b00000,0x000000dda8c00000) (1024K)]
  0x000001fbdd216e30 JavaThread "RMI TCP Accept-0"           daemon [_thread_in_native, id=13780, stack(0x000000dda8d00000,0x000000dda8e00000) (1024K)]
  0x000001fbdd2241f0 JavaThread "RMI TCP Accept-63578"       daemon [_thread_in_native, id=6892, stack(0x000000dda8e00000,0x000000dda8f00000) (1024K)]
  0x000001fbdd2b46e0 JavaThread "RMI TCP Accept-0"           daemon [_thread_in_native, id=18500, stack(0x000000dda9800000,0x000000dda9900000) (1024K)]
  0x000001fbdd6bb210 JavaThread "Thread-0"                          [_thread_blocked, id=18996, stack(0x000000dda9900000,0x000000dda9a00000) (1024K)]
=>0x000001fbdd6c3bf0 JavaThread "restartedMain"                     [_thread_in_Java, id=6132, stack(0x000000dda9a00000,0x000000dda9b00000) (1024K)]
  0x000001fbdd765020 JavaThread "RMI Scheduler(0)"           daemon [_thread_blocked, id=18068, stack(0x000000dda9c00000,0x000000dda9d00000) (1024K)]
  0x000001fbdd72a630 JavaThread "RMI TCP Connection(2)-127.0.0.1" daemon [_thread_in_native, id=27016, stack(0x000000dda9d00000,0x000000dda9e00000) (1024K)]
  0x000001fbdd776b70 JavaThread "JMX server connection timeout 43" daemon [_thread_blocked, id=26232, stack(0x000000dda9e00000,0x000000dda9f00000) (1024K)]
  0x000001fbdd778c40 JavaThread "Catalina-utility-1"                [_thread_blocked, id=22620, stack(0x000000dda9f00000,0x000000ddaa000000) (1024K)]
  0x000001fbdd777890 JavaThread "Catalina-utility-2"                [_thread_blocked, id=25768, stack(0x000000ddaa200000,0x000000ddaa300000) (1024K)]
  0x000001fbdd777f20 JavaThread "container-0"                       [_thread_blocked, id=12668, stack(0x000000ddaa300000,0x000000ddaa400000) (1024K)]
Total: 24

Other Threads:
  0x000001fb971c0c60 VMThread "VM Thread"                           [id=3904, stack(0x000000dda7d00000,0x000000dda7e00000) (1024K)]
  0x000001fb971af930 WatcherThread "VM Periodic Task Thread"        [id=20828, stack(0x000000dda7c00000,0x000000dda7d00000) (1024K)]
  0x000001fb868cbf40 WorkerThread "GC Thread#0"                     [id=4576, stack(0x000000dda7700000,0x000000dda7800000) (1024K)]
  0x000001fbdd22fea0 WorkerThread "GC Thread#1"                     [id=5712, stack(0x000000dda8f00000,0x000000dda9000000) (1024K)]
  0x000001fbdd230240 WorkerThread "GC Thread#2"                     [id=18512, stack(0x000000dda9000000,0x000000dda9100000) (1024K)]
  0x000001fbdd22e8e0 WorkerThread "GC Thread#3"                     [id=6136, stack(0x000000dda9100000,0x000000dda9200000) (1024K)]
  0x000001fbdd22ec80 WorkerThread "GC Thread#4"                     [id=27044, stack(0x000000dda9200000,0x000000dda9300000) (1024K)]
  0x000001fbdd22f020 WorkerThread "GC Thread#5"                     [id=10784, stack(0x000000dda9300000,0x000000dda9400000) (1024K)]
  0x000001fbdd22f3c0 WorkerThread "GC Thread#6"                     [id=24648, stack(0x000000dda9400000,0x000000dda9500000) (1024K)]
  0x000001fbdd22f760 WorkerThread "GC Thread#7"                     [id=17460, stack(0x000000dda9500000,0x000000dda9600000) (1024K)]
  0x000001fbdd22fb00 WorkerThread "GC Thread#8"                     [id=7424, stack(0x000000dda9600000,0x000000dda9700000) (1024K)]
  0x000001fbdd2c1510 WorkerThread "GC Thread#9"                     [id=28612, stack(0x000000dda9700000,0x000000dda9800000) (1024K)]
  0x000001fb868df770 ConcurrentGCThread "G1 Main Marker"            [id=13916, stack(0x000000dda7800000,0x000000dda7900000) (1024K)]
  0x000001fb868e0020 WorkerThread "G1 Conc#0"                       [id=19784, stack(0x000000dda7900000,0x000000dda7a00000) (1024K)]
  0x000001fbdd2c2390 WorkerThread "G1 Conc#1"                       [id=4288, stack(0x000000ddaa000000,0x000000ddaa100000) (1024K)]
  0x000001fbdd2c02f0 WorkerThread "G1 Conc#2"                       [id=19224, stack(0x000000ddaa100000,0x000000ddaa200000) (1024K)]
  0x000001fb9707caa0 ConcurrentGCThread "G1 Refine#0"               [id=2288, stack(0x000000dda7a00000,0x000000dda7b00000) (1024K)]
  0x000001fb9707d2c0 ConcurrentGCThread "G1 Service"                [id=19068, stack(0x000000dda7b00000,0x000000dda7c00000) (1024K)]
Total: 18

Threads with active compile tasks:
Total: 0

VM state: not at safepoint (normal execution)

VM Mutex/Monitor currently owned by a thread: None

Heap address: 0x0000000705800000, size: 4008 MB, Compressed Oops mode: Zero based, Oop shift amount: 3

CDS archive(s) mapped at: [0x000001fb98000000-0x000001fb98c80000-0x000001fb98c80000), size 13107200, SharedBaseAddress: 0x000001fb98000000, ArchiveRelocationMode: 1.
Compressed class space mapped at: 0x000001fb99000000-0x000001fbd9000000, reserved size: 1073741824
Narrow klass base: 0x000001fb98000000, Narrow klass shift: 0, Narrow klass range: 0x100000000

GC Precious Log:
 CardTable entry size: 512
 Card Set container configuration: InlinePtr #cards 4 size 8 Array Of Cards #cards 16 size 48 Howl #buckets 8 coarsen threshold 3686 Howl Bitmap #cards 512 size 80 coarsen threshold 460 Card regions per heap region 1 cards per card region 4096
 CPUs: 12 total, 12 available
 Memory: 16027M
 Large Page Support: Disabled
 NUMA Support: Disabled
 Compressed Oops: Enabled (Zero based)
 Heap Region Size: 2M
 Heap Min Capacity: 8M
 Heap Initial Capacity: 252M
 Heap Max Capacity: 4008M
 Pre-touch: Disabled
 Parallel Workers: 10
 Concurrent Workers: 3
 Concurrent Refinement Workers: 10
 Periodic GC: Disabled

Heap:
 garbage-first heap   total 55296K, used 41060K [0x0000000705800000, 0x0000000800000000)
  region size 2048K, 17 young (34816K), 3 survivors (6144K)
 Metaspace       used 28954K, committed 29568K, reserved 1114112K
  class space    used 3804K, committed 4096K, reserved 1048576K

Heap Regions: E=young(eden), S=young(survivor), O=old, HS=humongous(starts), HC=humongous(continues), CS=collection set, F=free, TAMS=top-at-mark-start, PB=parsable bottom
|   0|0x0000000705800000, 0x0000000705a00000, 0x0000000705a00000|100%| O|  |TAMS 0x0000000705800000| PB 0x0000000705800000| Untracked 
|   1|0x0000000705a00000, 0x0000000705c00000, 0x0000000705c00000|100%| O|  |TAMS 0x0000000705a00000| PB 0x0000000705a00000| Untracked 
|   2|0x0000000705c00000, 0x0000000705c00000, 0x0000000705e00000|  0%| F|  |TAMS 0x0000000705c00000| PB 0x0000000705c00000| Untracked 
|   3|0x0000000705e00000, 0x0000000706000000, 0x0000000706000000|100%| O|  |TAMS 0x0000000705e00000| PB 0x0000000705e00000| Untracked 
|   4|0x0000000706000000, 0x0000000706200000, 0x0000000706200000|100%| O|  |TAMS 0x0000000706000000| PB 0x0000000706000000| Untracked 
|   5|0x0000000706200000, 0x000000070621d0a8, 0x0000000706400000|  5%| O|Cm|TAMS 0x0000000706200000| PB 0x0000000706200000| Complete 
|   6|0x0000000706400000, 0x0000000706400000, 0x0000000706600000|  0%| F|  |TAMS 0x0000000706400000| PB 0x0000000706400000| Untracked 
|   7|0x0000000706600000, 0x0000000706600000, 0x0000000706800000|  0%| F|  |TAMS 0x0000000706600000| PB 0x0000000706600000| Untracked 
|   8|0x0000000706800000, 0x0000000706800000, 0x0000000706a00000|  0%| F|  |TAMS 0x0000000706800000| PB 0x0000000706800000| Untracked 
|   9|0x0000000706a00000, 0x0000000706a00000, 0x0000000706c00000|  0%| F|  |TAMS 0x0000000706a00000| PB 0x0000000706a00000| Untracked 
|  10|0x0000000706c00000, 0x0000000706e00000, 0x0000000706e00000|100%| E|  |TAMS 0x0000000706c00000| PB 0x0000000706c00000| Complete 
|  11|0x0000000706e00000, 0x0000000707000000, 0x0000000707000000|100%| E|CS|TAMS 0x0000000706e00000| PB 0x0000000706e00000| Complete 
|  12|0x0000000707000000, 0x0000000707200000, 0x0000000707200000|100%| E|CS|TAMS 0x0000000707000000| PB 0x0000000707000000| Complete 
|  13|0x0000000707200000, 0x0000000707400000, 0x0000000707400000|100%| E|CS|TAMS 0x0000000707200000| PB 0x0000000707200000| Complete 
|  14|0x0000000707400000, 0x0000000707600000, 0x0000000707600000|100%| E|CS|TAMS 0x0000000707400000| PB 0x0000000707400000| Complete 
|  15|0x0000000707600000, 0x0000000707800000, 0x0000000707800000|100%| E|CS|TAMS 0x0000000707600000| PB 0x0000000707600000| Complete 
|  16|0x0000000707800000, 0x0000000707a00000, 0x0000000707a00000|100%| E|CS|TAMS 0x0000000707800000| PB 0x0000000707800000| Complete 
|  17|0x0000000707a00000, 0x0000000707c00000, 0x0000000707c00000|100%| E|CS|TAMS 0x0000000707a00000| PB 0x0000000707a00000| Complete 
|  18|0x0000000707c00000, 0x0000000707e00000, 0x0000000707e00000|100%| E|CS|TAMS 0x0000000707c00000| PB 0x0000000707c00000| Complete 
|  19|0x0000000707e00000, 0x0000000708000000, 0x0000000708000000|100%| E|CS|TAMS 0x0000000707e00000| PB 0x0000000707e00000| Complete 
|  20|0x0000000708000000, 0x0000000708200000, 0x0000000708200000|100%| E|CS|TAMS 0x0000000708000000| PB 0x0000000708000000| Complete 
|  21|0x0000000708200000, 0x0000000708400000, 0x0000000708400000|100%| E|CS|TAMS 0x0000000708200000| PB 0x0000000708200000| Complete 
|  22|0x0000000708400000, 0x0000000708600000, 0x0000000708600000|100%| E|CS|TAMS 0x0000000708400000| PB 0x0000000708400000| Complete 
|  65|0x000000070da00000, 0x000000070dbfc1e0, 0x000000070dc00000| 99%| S|CS|TAMS 0x000000070da00000| PB 0x000000070da00000| Complete 
|  66|0x000000070dc00000, 0x000000070de00000, 0x000000070de00000|100%| S|CS|TAMS 0x000000070dc00000| PB 0x000000070dc00000| Complete 
|  67|0x000000070de00000, 0x000000070e000000, 0x000000070e000000|100%| S|CS|TAMS 0x000000070de00000| PB 0x000000070de00000| Complete 
| 125|0x0000000715200000, 0x0000000715400000, 0x0000000715400000|100%| E|CS|TAMS 0x0000000715200000| PB 0x0000000715200000| Complete 

Card table byte_map: [0x000001fb8fe60000,0x000001fb90640000] _byte_map_base: 0x000001fb8c634000

Marking Bits: (CMBitMap*) 0x000001fb868ce400
 Bits: [0x000001fb90640000, 0x000001fb944e0000)

Polling page: 0x000001fb865c0000

Metaspace:

Usage:
  Non-class:     24.56 MB used.
      Class:      3.72 MB used.
       Both:     28.28 MB used.

Virtual space:
  Non-class space:       64.00 MB reserved,      24.88 MB ( 39%) committed,  1 nodes.
      Class space:        1.00 GB reserved,       4.00 MB ( <1%) committed,  1 nodes.
             Both:        1.06 GB reserved,      28.88 MB (  3%) committed. 

Chunk freelists:
   Non-Class:  6.82 MB
       Class:  11.92 MB
        Both:  18.74 MB

MaxMetaspaceSize: unlimited
CompressedClassSpaceSize: 1.00 GB
Initial GC threshold: 21.00 MB
Current GC threshold: 47.75 MB
CDS: on
 - commit_granule_bytes: 65536.
 - commit_granule_words: 8192.
 - virtual_space_node_default_size: 8388608.
 - enlarge_chunks_in_place: 1.
 - use_allocation_guard: 0.


Internal statistics:

num_allocs_failed_limit: 3.
num_arena_births: 716.
num_arena_deaths: 0.
num_vsnodes_births: 2.
num_vsnodes_deaths: 0.
num_space_committed: 462.
num_space_uncommitted: 0.
num_chunks_returned_to_freelist: 3.
num_chunks_taken_from_freelist: 1652.
num_chunk_merges: 3.
num_chunk_splits: 1122.
num_chunks_enlarged: 781.
num_inconsistent_stats: 0.

CodeCache: size=49152Kb used=8964Kb max_used=10517Kb free=40187Kb
 bounds [0x000001fb8bcf0000, 0x000001fb8c7a0000, 0x000001fb8ecf0000]
 total_blobs=5013 nmethods=4464 adapters=473
 compilation: enabled
              stopped_count=0, restarted_count=0
 full_count=0

Compilation events (20 events):
Event: 879.785 Thread 0x000001fb971f4dc0 4494   !   1       org.apache.catalina.core.ContainerBase::getClusterInternal (38 bytes)
Event: 879.786 Thread 0x000001fb971f4dc0 nmethod 4494 0x000001fb8be81710 code [0x000001fb8be81900, 0x000001fb8be81c58]
Event: 879.786 Thread 0x000001fb971f4dc0 4496   !   1       org.apache.catalina.core.ContainerBase$ContainerBackgroundProcessor::processChildren (202 bytes)
Event: 879.787 Thread 0x000001fb971f4dc0 nmethod 4496 0x000001fb8be7f790 code [0x000001fb8be7fac0, 0x000001fb8be80bc0]
Event: 879.787 Thread 0x000001fb971f4dc0 4497  s!   1       org.apache.catalina.core.ContainerBase::backgroundProcess (172 bytes)
Event: 879.788 Thread 0x000001fb971f4dc0 nmethod 4497 0x000001fb8be7e310 code [0x000001fb8be7e5a0, 0x000001fb8be7f0d8]
Event: 879.788 Thread 0x000001fb971f4dc0 4498       1       org.apache.catalina.core.StandardPipeline::getFirst (17 bytes)
Event: 879.788 Thread 0x000001fb971f4dc0 nmethod 4498 0x000001fb8be7e010 code [0x000001fb8be7e1a0, 0x000001fb8be7e2a8]
Event: 879.788 Thread 0x000001fb971f4dc0 4499       1       org.apache.catalina.mapper.MapperListener::lifecycleEvent (180 bytes)
Event: 879.789 Thread 0x000001fb971f4dc0 nmethod 4499 0x000001fb8be7d090 code [0x000001fb8be7d320, 0x000001fb8be7dbf0]
Event: 879.789 Thread 0x000001fb971f4dc0 4495       1       org.apache.catalina.webresources.CachedResource::getNextCheck (5 bytes)
Event: 879.789 Thread 0x000001fb971f4dc0 nmethod 4495 0x000001fb8be7cd90 code [0x000001fb8be7cf20, 0x000001fb8be7cff0]
Event: 1009.879 Thread 0x000001fb971f4dc0 4500       1       java.util.concurrent.locks.AbstractQueuedSynchronizer::acquire (20 bytes)
Event: 1009.879 Thread 0x000001fb971f4dc0 nmethod 4500 0x000001fb8be7c990 code [0x000001fb8be7cb40, 0x000001fb8be7cca8]
Event: 1041.636 Thread 0x000001fb971f4dc0 4501   !   1       java.util.concurrent.locks.LockSupport::parkNanos (56 bytes)
Event: 1041.637 Thread 0x000001fb971f4dc0 nmethod 4501 0x000001fb8be7c290 code [0x000001fb8be7c460, 0x000001fb8be7c7e8]
Event: 1069.936 Thread 0x000001fb971f4dc0 4502   !   1       org.apache.catalina.core.StandardContext::getLoader (38 bytes)
Event: 1069.937 Thread 0x000001fb971f4dc0 nmethod 4502 0x000001fb8be7ba90 code [0x000001fb8be7bc80, 0x000001fb8be7bfd8]
Event: 1089.962 Thread 0x000001fb971f4dc0 4503       1       java.util.concurrent.locks.AbstractQueuedSynchronizer$ConditionObject::signal (34 bytes)
Event: 1089.962 Thread 0x000001fb971f4dc0 nmethod 4503 0x000001fb8be7b590 code [0x000001fb8be7b760, 0x000001fb8be7b950]

GC Heap History (16 events):
Event: 0.373 GC heap before
{Heap before GC invocations=0 (full 0):
 garbage-first heap   total 258048K, used 22528K [0x0000000705800000, 0x0000000800000000)
  region size 2048K, 11 young (22528K), 0 survivors (0K)
 Metaspace       used 6646K, committed 6848K, reserved 1114112K
  class space    used 736K, committed 832K, reserved 1048576K
}
Event: 0.376 GC heap after
{Heap after GC invocations=1 (full 0):
 garbage-first heap   total 258048K, used 4543K [0x0000000705800000, 0x0000000800000000)
  region size 2048K, 2 young (4096K), 2 survivors (4096K)
 Metaspace       used 6646K, committed 6848K, reserved 1114112K
  class space    used 736K, committed 832K, reserved 1048576K
}
Event: 0.574 GC heap before
{Heap before GC invocations=1 (full 0):
 garbage-first heap   total 258048K, used 35263K [0x0000000705800000, 0x0000000800000000)
  region size 2048K, 18 young (36864K), 2 survivors (4096K)
 Metaspace       used 10512K, committed 10880K, reserved 1114112K
  class space    used 1243K, committed 1408K, reserved 1048576K
}
Event: 0.577 GC heap after
{Heap after GC invocations=2 (full 0):
 garbage-first heap   total 258048K, used 6606K [0x0000000705800000, 0x0000000800000000)
  region size 2048K, 1 young (2048K), 1 survivors (2048K)
 Metaspace       used 10512K, committed 10880K, reserved 1114112K
  class space    used 1243K, committed 1408K, reserved 1048576K
}
Event: 0.852 GC heap before
{Heap before GC invocations=2 (full 0):
 garbage-first heap   total 258048K, used 74190K [0x0000000705800000, 0x0000000800000000)
  region size 2048K, 36 young (73728K), 1 survivors (2048K)
 Metaspace       used 17121K, committed 17472K, reserved 1114112K
  class space    used 2158K, committed 2304K, reserved 1048576K
}
Event: 0.855 GC heap after
{Heap after GC invocations=3 (full 0):
 garbage-first heap   total 258048K, used 8783K [0x0000000705800000, 0x0000000800000000)
  region size 2048K, 2 young (4096K), 2 survivors (4096K)
 Metaspace       used 17121K, committed 17472K, reserved 1114112K
  class space    used 2158K, committed 2304K, reserved 1048576K
}
Event: 0.913 GC heap before
{Heap before GC invocations=4 (full 0):
 garbage-first heap   total 34816K, used 33359K [0x0000000705800000, 0x0000000800000000)
  region size 2048K, 14 young (28672K), 2 survivors (4096K)
 Metaspace       used 19059K, committed 19392K, reserved 1114112K
  class space    used 2419K, committed 2560K, reserved 1048576K
}
Event: 0.916 GC heap after
{Heap after GC invocations=5 (full 0):
 garbage-first heap   total 40960K, used 9141K [0x0000000705800000, 0x0000000800000000)
  region size 2048K, 3 young (6144K), 3 survivors (6144K)
 Metaspace       used 19059K, committed 19392K, reserved 1114112K
  class space    used 2419K, committed 2560K, reserved 1048576K
}
Event: 0.957 GC heap before
{Heap before GC invocations=5 (full 0):
 garbage-first heap   total 40960K, used 25525K [0x0000000705800000, 0x0000000800000000)
  region size 2048K, 12 young (24576K), 3 survivors (6144K)
 Metaspace       used 20627K, committed 20992K, reserved 1114112K
  class space    used 2644K, committed 2816K, reserved 1048576K
}
Event: 0.960 GC heap after
{Heap after GC invocations=6 (full 0):
 garbage-first heap   total 40960K, used 9547K [0x0000000705800000, 0x0000000800000000)
  region size 2048K, 1 young (2048K), 1 survivors (2048K)
 Metaspace       used 20627K, committed 20992K, reserved 1114112K
  class space    used 2644K, committed 2816K, reserved 1048576K
}
Event: 1.064 GC heap before
{Heap before GC invocations=6 (full 0):
 garbage-first heap   total 40960K, used 30027K [0x0000000705800000, 0x0000000800000000)
  region size 2048K, 11 young (22528K), 1 survivors (2048K)
 Metaspace       used 21919K, committed 22336K, reserved 1114112K
  class space    used 2826K, committed 3008K, reserved 1048576K
}
Event: 1.065 GC heap after
{Heap after GC invocations=7 (full 0):
 garbage-first heap   total 149504K, used 10813K [0x0000000705800000, 0x0000000800000000)
  region size 2048K, 2 young (4096K), 2 survivors (4096K)
 Metaspace       used 21919K, committed 22336K, reserved 1114112K
  class space    used 2826K, committed 3008K, reserved 1048576K
}
Event: 1.549 GC heap before
{Heap before GC invocations=7 (full 0):
 garbage-first heap   total 149504K, used 94781K [0x0000000705800000, 0x0000000800000000)
  region size 2048K, 43 young (88064K), 2 survivors (4096K)
 Metaspace       used 27987K, committed 28608K, reserved 1114112K
  class space    used 3667K, committed 3968K, reserved 1048576K
}
Event: 1.554 GC heap after
{Heap after GC invocations=8 (full 0):
 garbage-first heap   total 149504K, used 14213K [0x0000000705800000, 0x0000000800000000)
  region size 2048K, 3 young (6144K), 3 survivors (6144K)
 Metaspace       used 27987K, committed 28608K, reserved 1114112K
  class space    used 3667K, committed 3968K, reserved 1048576K
}
Event: 1.607 GC heap before
{Heap before GC invocations=8 (full 0):
 garbage-first heap   total 149504K, used 22405K [0x0000000705800000, 0x0000000800000000)
  region size 2048K, 8 young (16384K), 3 survivors (6144K)
 Metaspace       used 28734K, committed 29248K, reserved 1114112K
  class space    used 3762K, committed 4032K, reserved 1048576K
}
Event: 1.610 GC heap after
{Heap after GC invocations=9 (full 0):
 garbage-first heap   total 149504K, used 14436K [0x0000000705800000, 0x0000000800000000)
  region size 2048K, 3 young (6144K), 3 survivors (6144K)
 Metaspace       used 28734K, committed 29248K, reserved 1114112K
  class space    used 3762K, committed 4032K, reserved 1048576K
}

Dll operation events (12 events):
Event: 0.010 Loaded shared library C:\Users\bhanu\Desktop\spring-tool-suite\sts-4.27.0.RELEASE\plugins\org.eclipse.justj.openjdk.hotspot.jre.full.win32.x86_64_21.0.5.v20241023-1957\jre\bin\java.dll
Event: 0.027 Loaded shared library C:\Users\bhanu\Desktop\spring-tool-suite\sts-4.27.0.RELEASE\plugins\org.eclipse.justj.openjdk.hotspot.jre.full.win32.x86_64_21.0.5.v20241023-1957\jre\bin\zip.dll
Event: 0.105 Loaded shared library C:\Users\bhanu\Desktop\spring-tool-suite\sts-4.27.0.RELEASE\plugins\org.eclipse.justj.openjdk.hotspot.jre.full.win32.x86_64_21.0.5.v20241023-1957\jre\bin\instrument.dll
Event: 0.109 Loaded shared library C:\Users\bhanu\Desktop\spring-tool-suite\sts-4.27.0.RELEASE\plugins\org.eclipse.justj.openjdk.hotspot.jre.full.win32.x86_64_21.0.5.v20241023-1957\jre\bin\net.dll
Event: 0.110 Loaded shared library C:\Users\bhanu\Desktop\spring-tool-suite\sts-4.27.0.RELEASE\plugins\org.eclipse.justj.openjdk.hotspot.jre.full.win32.x86_64_21.0.5.v20241023-1957\jre\bin\nio.dll
Event: 0.112 Loaded shared library C:\Users\bhanu\Desktop\spring-tool-suite\sts-4.27.0.RELEASE\plugins\org.eclipse.justj.openjdk.hotspot.jre.full.win32.x86_64_21.0.5.v20241023-1957\jre\bin\zip.dll
Event: 0.185 Loaded shared library C:\Users\bhanu\Desktop\spring-tool-suite\sts-4.27.0.RELEASE\plugins\org.eclipse.justj.openjdk.hotspot.jre.full.win32.x86_64_21.0.5.v20241023-1957\jre\bin\jimage.dll
Event: 0.213 Loaded shared library C:\Users\bhanu\Desktop\spring-tool-suite\sts-4.27.0.RELEASE\plugins\org.eclipse.justj.openjdk.hotspot.jre.full.win32.x86_64_21.0.5.v20241023-1957\jre\bin\management.dll
Event: 0.219 Loaded shared library C:\Users\bhanu\Desktop\spring-tool-suite\sts-4.27.0.RELEASE\plugins\org.eclipse.justj.openjdk.hotspot.jre.full.win32.x86_64_21.0.5.v20241023-1957\jre\bin\management_ext.dll
Event: 0.342 Loaded shared library C:\Users\bhanu\Desktop\spring-tool-suite\sts-4.27.0.RELEASE\plugins\org.eclipse.justj.openjdk.hotspot.jre.full.win32.x86_64_21.0.5.v20241023-1957\jre\bin\extnet.dll
Event: 0.356 Loaded shared library C:\Users\bhanu\Desktop\spring-tool-suite\sts-4.27.0.RELEASE\plugins\org.eclipse.justj.openjdk.hotspot.jre.full.win32.x86_64_21.0.5.v20241023-1957\jre\bin\verify.dll
Event: 0.978 Loaded shared library C:\Users\bhanu\Desktop\spring-tool-suite\sts-4.27.0.RELEASE\plugins\org.eclipse.justj.openjdk.hotspot.jre.full.win32.x86_64_21.0.5.v20241023-1957\jre\bin\sunmscapi.dll

Deoptimization events (20 events):
Event: 1110.500 Thread 0x000001fbdd72a630 DEOPT PACKING pc=0x000001fb8be9602c sp=0x000000dda9dfe550
Event: 1110.500 Thread 0x000001fbdd72a630 DEOPT UNPACKING pc=0x000001fb8bd44e42 sp=0x000000dda9dfda50 mode 1
Event: 1110.500 Thread 0x000001fbdd72a630 DEOPT PACKING pc=0x000001fb8be96dc4 sp=0x000000dda9dfe600
Event: 1110.500 Thread 0x000001fbdd72a630 DEOPT UNPACKING pc=0x000001fb8bd44e42 sp=0x000000dda9dfdb70 mode 1
Event: 1110.500 Thread 0x000001fbdd72a630 DEOPT PACKING pc=0x000001fb8bf40f14 sp=0x000000dda9dfe730
Event: 1110.500 Thread 0x000001fbdd72a630 DEOPT UNPACKING pc=0x000001fb8bd44e42 sp=0x000000dda9dfdc60 mode 1
Event: 1110.500 Thread 0x000001fbdd72a630 DEOPT PACKING pc=0x000001fb8be9bfb4 sp=0x000000dda9dfe810
Event: 1110.500 Thread 0x000001fbdd72a630 DEOPT UNPACKING pc=0x000001fb8bd44e42 sp=0x000000dda9dfdce0 mode 1
Event: 1110.500 Thread 0x000001fbdd72a630 DEOPT PACKING pc=0x000001fb8bf4aab4 sp=0x000000dda9dfe890
Event: 1110.500 Thread 0x000001fbdd72a630 DEOPT UNPACKING pc=0x000001fb8bd44e42 sp=0x000000dda9dfdd88 mode 1
Event: 1110.500 Thread 0x000001fbdd72a630 DEOPT PACKING pc=0x000001fb8bf418f4 sp=0x000000dda9dfe9c0
Event: 1110.500 Thread 0x000001fbdd72a630 DEOPT UNPACKING pc=0x000001fb8bd44e42 sp=0x000000dda9dfdee8 mode 1
Event: 1110.500 Thread 0x000001fbdd72a630 DEOPT PACKING pc=0x000001fb8be9894c sp=0x000000dda9dfeab0
Event: 1110.500 Thread 0x000001fbdd72a630 DEOPT UNPACKING pc=0x000001fb8bd44e42 sp=0x000000dda9dfdf18 mode 1
Event: 1110.500 Thread 0x000001fbdd72a630 DEOPT PACKING pc=0x000001fb8c0ff594 sp=0x000000dda9dfebb0
Event: 1110.500 Thread 0x000001fbdd72a630 DEOPT UNPACKING pc=0x000001fb8bd44e42 sp=0x000000dda9dfe0b0 mode 1
Event: 1110.500 Thread 0x000001fbdd72a630 DEOPT PACKING pc=0x000001fb8bf3c904 sp=0x000000dda9dfed60
Event: 1110.500 Thread 0x000001fbdd72a630 DEOPT UNPACKING pc=0x000001fb8bd44e42 sp=0x000000dda9dfe2e8 mode 1
Event: 1110.519 Thread 0x000001fbdd6c3bf0 DEOPT PACKING pc=0x000001fb8c129234 sp=0x000000dda9afe000
Event: 1110.519 Thread 0x000001fbdd6c3bf0 DEOPT UNPACKING pc=0x000001fb8bd44e42 sp=0x000000dda9afd4b8 mode 0

Classes loaded (20 events):
Event: 1.539 Loading class jdk/internal/event/EventHelper$ThreadTrackHolder
Event: 1.539 Loading class jdk/internal/event/EventHelper$ThreadTrackHolder done
Event: 1.560 Loading class java/util/logging/LogRecord
Event: 1.560 Loading class java/util/logging/LogRecord done
Event: 1.590 Loading class java/util/UUID$Holder
Event: 1.590 Loading class java/util/UUID$Holder done
Event: 1.600 Loading class java/util/stream/SortedOps$SizedRefSortingSink
Event: 1.600 Loading class java/util/stream/SortedOps$SizedRefSortingSink done
Event: 1.605 Loading class java/io/EOFException
Event: 1.605 Loading class java/io/EOFException done
Event: 1.605 Loading class javax/net/ssl/SSLException
Event: 1.605 Loading class javax/net/ssl/SSLException done
Event: 1.620 Loading class java/nio/channels/CompletionHandler
Event: 1.620 Loading class java/nio/channels/CompletionHandler done
Event: 1.624 Loading class jdk/internal/vm/annotation/IntrinsicCandidate
Event: 1.624 Loading class jdk/internal/vm/annotation/IntrinsicCandidate done
Event: 1.628 Loading class java/lang/invoke/DirectMethodHandle$Special
Event: 1.628 Loading class java/lang/invoke/DirectMethodHandle$Special done
Event: 1.632 Loading class jdk/internal/event/ThreadSleepEvent
Event: 1.632 Loading class jdk/internal/event/ThreadSleepEvent done

Classes unloaded (0 events):
No events

Classes redefined (1 events):
Event: 1110.527 Thread 0x000001fb971c0c60 redefined class name=com.sai.Security.Controller.StudentController, count=1

Internal exceptions (20 events):
Event: 1.386 Thread 0x000001fbdd6c3bf0 Exception <a 'java/lang/NoSuchMethodError'{0x000000070b7933c0}: 'void java.lang.invoke.DirectMethodHandle$Holder.invokeVirtual(java.lang.Object, java.lang.Object, int)'> (0x000000070b7933c0) 
thrown [s\src\hotspot\share\interpreter\linkResolver.cpp, line 773]
Event: 1.386 Thread 0x000001fbdd6c3bf0 Exception <a 'java/lang/NoSuchMethodError'{0x000000070b797370}: 'int java.lang.invoke.DirectMethodHandle$Holder.invokeSpecial(java.lang.Object, java.lang.Object, java.lang.Object, int)'> (0x000000070b797370) 
thrown [s\src\hotspot\share\interpreter\linkResolver.cpp, line 773]
Event: 1.387 Thread 0x000001fbdd6c3bf0 Exception <a 'java/lang/NoSuchMethodError'{0x000000070b7ab520}: 'java.lang.Object java.lang.invoke.DirectMethodHandle$Holder.invokeStatic(java.lang.Object, java.lang.Object, java.lang.Object, java.lang.Object, int)'> (0x000000070b7ab520) 
thrown [s\src\hotspot\share\interpreter\linkResolver.cpp, line 773]
Event: 1.387 Thread 0x000001fbdd6c3bf0 Exception <a 'java/lang/NoSuchMethodError'{0x000000070b7b29d0}: 'void java.lang.invoke.DelegatingMethodHandle$Holder.reinvoke_L(java.lang.Object, java.lang.Object, int)'> (0x000000070b7b29d0) 
thrown [s\src\hotspot\share\interpreter\linkResolver.cpp, line 773]
Event: 1.393 Thread 0x000001fbdd6c3bf0 Exception <a 'java/lang/NoSuchMethodError'{0x000000070b47c110}: 'java.lang.Object java.lang.invoke.DirectMethodHandle$Holder.invokeVirtual(java.lang.Object, java.lang.Object, java.lang.Object, java.lang.Object, java.lang.Object)'> (0x000000070b47c110) 
thrown [s\src\hotspot\share\interpreter\linkResolver.cpp, line 773]
Event: 1.439 Thread 0x000001fbdd6c3bf0 Exception <a 'java/lang/NoSuchMethodError'{0x000000070ac729f8}: 'java.lang.Object java.lang.invoke.DirectMethodHandle$Holder.invokeVirtual(java.lang.Object, java.lang.Object, java.lang.Object, java.lang.Object, java.lang.Object, java.lang.Object)'> (0x000000070ac729f8) 
thrown [s\src\hotspot\share\interpreter\linkResolver.cpp, line 773]
Event: 1.455 Thread 0x000001fbdd6c3bf0 Exception <a 'java/lang/NoSuchMethodError'{0x000000070aab1870}: 'void java.lang.invoke.DirectMethodHandle$Holder.invokeInterface(java.lang.Object, java.lang.Object, int)'> (0x000000070aab1870) 
thrown [s\src\hotspot\share\interpreter\linkResolver.cpp, line 773]
Event: 1.456 Thread 0x000001fbdd6c3bf0 Exception <a 'java/lang/IncompatibleClassChangeError'{0x000000070aaf5118}: Found class java.lang.Object, but interface was expected> (0x000000070aaf5118) 
thrown [s\src\hotspot\share\interpreter\linkResolver.cpp, line 840]
Event: 1.456 Thread 0x000001fbdd6c3bf0 Exception <a 'java/lang/NoSuchMethodError'{0x000000070ab13490}: 'void java.lang.invoke.DirectMethodHandle$Holder.invokeStatic(java.lang.Object, int, java.lang.Object)'> (0x000000070ab13490) 
thrown [s\src\hotspot\share\interpreter\linkResolver.cpp, line 773]
Event: 1.458 Thread 0x000001fbdd6c3bf0 Exception <a 'java/lang/NoSuchMethodError'{0x000000070ab4ef38}: 'void java.lang.invoke.DirectMethodHandle$Holder.invokeStatic(java.lang.Object, java.lang.Object, java.lang.Object, int, java.lang.Object)'> (0x000000070ab4ef38) 
thrown [s\src\hotspot\share\interpreter\linkResolver.cpp, line 773]
Event: 1.459 Thread 0x000001fbdd6c3bf0 Exception <a 'java/lang/NoSuchMethodError'{0x000000070ab55820}: 'java.lang.Object java.lang.invoke.DirectMethodHandle$Holder.newInvokeSpecial(java.lang.Object, java.lang.Object, java.lang.Object, int)'> (0x000000070ab55820) 
thrown [s\src\hotspot\share\interpreter\linkResolver.cpp, line 773]
Event: 1.459 Thread 0x000001fbdd6c3bf0 Exception <a 'java/lang/NoSuchMethodError'{0x000000070ab596b0}: 'java.lang.Object java.lang.invoke.DirectMethodHandle$Holder.invokeSpecial(java.lang.Object, java.lang.Object, java.lang.Object, java.lang.Object, int)'> (0x000000070ab596b0) 
thrown [s\src\hotspot\share\interpreter\linkResolver.cpp, line 773]
Event: 1.459 Thread 0x000001fbdd6c3bf0 Exception <a 'java/lang/NoSuchMethodError'{0x000000070ab5cb90}: 'java.lang.Object java.lang.invoke.Invokers$Holder.linkToTargetMethod(java.lang.Object, java.lang.Object, int, java.lang.Object)'> (0x000000070ab5cb90) 
thrown [s\src\hotspot\share\interpreter\linkResolver.cpp, line 773]
Event: 1.545 Thread 0x000001fbdd6c3bf0 Exception <a 'java/lang/NoSuchMethodError'{0x00000007098e5d28}: 'int java.lang.invoke.DirectMethodHandle$Holder.invokeVirtual(java.lang.Object, java.lang.Object, java.lang.Object, java.lang.Object)'> (0x00000007098e5d28) 
thrown [s\src\hotspot\share\interpreter\linkResolver.cpp, line 773]
Event: 1.545 Thread 0x000001fbdd6c3bf0 Exception <a 'java/lang/NoSuchMethodError'{0x00000007098e9820}: 'int java.lang.invoke.DelegatingMethodHandle$Holder.reinvoke_L(java.lang.Object, java.lang.Object, java.lang.Object, java.lang.Object)'> (0x00000007098e9820) 
thrown [s\src\hotspot\share\interpreter\linkResolver.cpp, line 773]
Event: 1.578 Thread 0x000001fbdd6c3bf0 Exception <a 'java/io/FileNotFoundException'{0x0000000710bea820}> (0x0000000710bea820) 
thrown [s\src\hotspot\share\prims\jni.cpp, line 520]
Event: 1.585 Thread 0x000001fbdd6c3bf0 Exception <a 'java/lang/NoSuchMethodError'{0x0000000710935cd8}: 'int java.lang.invoke.DirectMethodHandle$Holder.invokeInterface(java.lang.Object, java.lang.Object, java.lang.Object, java.lang.Object)'> (0x0000000710935cd8) 
thrown [s\src\hotspot\share\interpreter\linkResolver.cpp, line 773]
Event: 1.620 Thread 0x000001fbdd6c3bf0 Exception <a 'java/lang/NoSuchMethodError'{0x00000007152aef20}: 'long java.lang.invoke.DirectMethodHandle$Holder.invokeVirtual(java.lang.Object, java.lang.Object)'> (0x00000007152aef20) 
thrown [s\src\hotspot\share\interpreter\linkResolver.cpp, line 773]
Event: 1.623 Thread 0x000001fbdd6c3bf0 Exception <a 'java/io/FileNotFoundException'{0x000000071533b8c8}> (0x000000071533b8c8) 
thrown [s\src\hotspot\share\prims\jni.cpp, line 520]
Event: 1.634 Thread 0x000001fbdd6c3bf0 Exception <a 'java/lang/NoSuchMethodError'{0x00000007084d4e68}: 'void java.lang.invoke.Invokers$Holder.invokeExact_MT(java.lang.Object, java.lang.Object, java.lang.Object, java.lang.Object)'> (0x00000007084d4e68) 
thrown [s\src\hotspot\share\interpreter\linkResolver.cpp, line 773]

ZGC Phase Switch (0 events):
No events

VM Operations (20 events):
Event: 240.686 Executing VM operation: Cleanup
Event: 240.686 Executing VM operation: Cleanup done
Event: 261.746 Executing VM operation: Cleanup
Event: 261.746 Executing VM operation: Cleanup done
Event: 300.854 Executing VM operation: Cleanup
Event: 300.854 Executing VM operation: Cleanup done
Event: 890.319 Executing VM operation: Cleanup
Event: 890.319 Executing VM operation: Cleanup done
Event: 898.552 Executing VM operation: get/set locals
Event: 898.552 Executing VM operation: get/set locals done
Event: 1012.415 Executing VM operation: Cleanup
Event: 1012.415 Executing VM operation: Cleanup done
Event: 1110.519 Executing VM operation: ChangeSingleStep
Event: 1110.519 Executing VM operation: ChangeSingleStep done
Event: 1110.519 Executing VM operation: ChangeSingleStep
Event: 1110.519 Executing VM operation: ChangeSingleStep done
Event: 1110.523 Executing VM operation: RedefineClasses
Event: 1110.537 Executing VM operation: RedefineClasses done
Event: 1110.539 Executing VM operation: ChangeSingleStep
Event: 1110.539 Executing VM operation: ChangeSingleStep done

Memory protections (0 events):
No events

Nmethod flushes (20 events):
Event: 1.616 Thread 0x000001fb971c0c60 flushing  nmethod 0x000001fb8bfff310
Event: 1.616 Thread 0x000001fb971c0c60 flushing  nmethod 0x000001fb8bfff990
Event: 1.616 Thread 0x000001fb971c0c60 flushing  nmethod 0x000001fb8c000a90
Event: 1.616 Thread 0x000001fb971c0c60 flushing  nmethod 0x000001fb8c06d010
Event: 1.616 Thread 0x000001fb971c0c60 flushing  nmethod 0x000001fb8c186f90
Event: 1.616 Thread 0x000001fb971c0c60 flushing  nmethod 0x000001fb8c18a290
Event: 1.616 Thread 0x000001fb971c0c60 flushing  nmethod 0x000001fb8c38c410
Event: 1.616 Thread 0x000001fb971c0c60 flushing  nmethod 0x000001fb8bf87210
Event: 1.616 Thread 0x000001fb971c0c60 flushing  nmethod 0x000001fb8c1cca10
Event: 1.616 Thread 0x000001fb971c0c60 flushing  nmethod 0x000001fb8c395b90
Event: 1.616 Thread 0x000001fb971c0c60 flushing  nmethod 0x000001fb8bfeef90
Event: 1.616 Thread 0x000001fb971c0c60 flushing  nmethod 0x000001fb8c029b90
Event: 1.616 Thread 0x000001fb971c0c60 flushing  nmethod 0x000001fb8c063390
Event: 1.616 Thread 0x000001fb971c0c60 flushing  nmethod 0x000001fb8c073b10
Event: 1.616 Thread 0x000001fb971c0c60 flushing  nmethod 0x000001fb8c076a10
Event: 1.616 Thread 0x000001fb971c0c60 flushing  nmethod 0x000001fb8c11bf90
Event: 1.616 Thread 0x000001fb971c0c60 flushing  nmethod 0x000001fb8c11cd90
Event: 1.616 Thread 0x000001fb971c0c60 flushing  nmethod 0x000001fb8bfe4990
Event: 1.616 Thread 0x000001fb971c0c60 flushing  nmethod 0x000001fb8bff8e90
Event: 1.616 Thread 0x000001fb971c0c60 flushing  nmethod 0x000001fb8c289f90

Events (20 events):
Event: 0.552 Thread 0x000001fbdd6c6670 Thread added: 0x000001fbdd765020
Event: 0.553 Thread 0x000001fbdd216e30 Thread added: 0x000001fbdd72a630
Event: 0.561 Thread 0x000001fbdd72a630 Thread added: 0x000001fbdd776b70
Event: 0.763 Thread 0x000001fbdd6c3bf0 Thread added: 0x000001fbdd777200
Event: 0.981 Thread 0x000001fbdd6c3bf0 Thread added: 0x000001fbdd7757c0
Event: 0.991 Thread 0x000001fbdd777200 Thread exited: 0x000001fbdd777200
Event: 1.014 Thread 0x000001fbdd7757c0 Thread exited: 0x000001fbdd7757c0
Event: 1.627 Thread 0x000001fbdd6c3bf0 Thread added: 0x000001fbdd778c40
Event: 1.628 Thread 0x000001fbdd778c40 Thread added: 0x000001fbdd777890
Event: 1.631 Thread 0x000001fbdd6c3bf0 Thread added: 0x000001fbdd777f20
Event: 3.203 Thread 0x000001fbdd1d4ba0 Thread exited: 0x000001fbdd1d4ba0
Event: 3.204 Thread 0x000001fb97428800 Thread exited: 0x000001fb97428800
Event: 4.309 Thread 0x000001fb97428160 Thread exited: 0x000001fb97428160
Event: 90.559 Thread 0x000001fbdd6c6670 Thread exited: 0x000001fbdd6c6670
Event: 196.477 Thread 0x000001fb971f4dc0 Thread added: 0x000001fb9740d780
Event: 196.477 Thread 0x000001fb971f4dc0 Thread added: 0x000001fb9740de20
Event: 196.478 Thread 0x000001fb971f4dc0 Thread added: 0x000001fb9740e4c0
Event: 198.993 Thread 0x000001fb9740e4c0 Thread exited: 0x000001fb9740e4c0
Event: 205.568 Thread 0x000001fb9740de20 Thread exited: 0x000001fb9740de20
Event: 205.568 Thread 0x000001fb9740d780 Thread exited: 0x000001fb9740d780


Dynamic libraries:
0x00007ff6dffa0000 - 0x00007ff6dffae000 	C:\Users\bhanu\Desktop\spring-tool-suite\sts-4.27.0.RELEASE\plugins\org.eclipse.justj.openjdk.hotspot.jre.full.win32.x86_64_21.0.5.v20241023-1957\jre\bin\javaw.exe
0x00007ffd18a60000 - 0x00007ffd18cc3000 	C:\WINDOWS\SYSTEM32\ntdll.dll
0x00007ffd17470000 - 0x00007ffd17537000 	C:\WINDOWS\System32\KERNEL32.DLL
0x00007ffd15e00000 - 0x00007ffd161c7000 	C:\WINDOWS\System32\KERNELBASE.dll
0x00007ffd165d0000 - 0x00007ffd1671c000 	C:\WINDOWS\System32\ucrtbase.dll
0x00007ffced040000 - 0x00007ffced058000 	C:\Users\bhanu\Desktop\spring-tool-suite\sts-4.27.0.RELEASE\plugins\org.eclipse.justj.openjdk.hotspot.jre.full.win32.x86_64_21.0.5.v20241023-1957\jre\bin\jli.dll
0x00007ffd17600000 - 0x00007ffd177c9000 	C:\WINDOWS\System32\USER32.dll
0x00007ffceb650000 - 0x00007ffceb66e000 	C:\Users\bhanu\Desktop\spring-tool-suite\sts-4.27.0.RELEASE\plugins\org.eclipse.justj.openjdk.hotspot.jre.full.win32.x86_64_21.0.5.v20241023-1957\jre\bin\VCRUNTIME140.dll
0x00007ffd163e0000 - 0x00007ffd16407000 	C:\WINDOWS\System32\win32u.dll
0x00007ffd16980000 - 0x00007ffd169aa000 	C:\WINDOWS\System32\GDI32.dll
0x00007ffd164a0000 - 0x00007ffd165cb000 	C:\WINDOWS\System32\gdi32full.dll
0x00007ffcecd80000 - 0x00007ffced010000 	C:\WINDOWS\WinSxS\amd64_microsoft.windows.common-controls_6595b64144ccf1df_6.0.26100.3037_none_3e09262ce333c378\COMCTL32.dll
0x00007ffd16330000 - 0x00007ffd163d3000 	C:\WINDOWS\System32\msvcp_win.dll
0x00007ffd18860000 - 0x00007ffd18909000 	C:\WINDOWS\System32\msvcrt.dll
0x00007ffd16940000 - 0x00007ffd1696f000 	C:\WINDOWS\System32\IMM32.DLL
0x00007ffcf6970000 - 0x00007ffcf697c000 	C:\Users\bhanu\Desktop\spring-tool-suite\sts-4.27.0.RELEASE\plugins\org.eclipse.justj.openjdk.hotspot.jre.full.win32.x86_64_21.0.5.v20241023-1957\jre\bin\vcruntime140_1.dll
0x00007ffcbd4b0000 - 0x00007ffcbd53d000 	C:\Users\bhanu\Desktop\spring-tool-suite\sts-4.27.0.RELEASE\plugins\org.eclipse.justj.openjdk.hotspot.jre.full.win32.x86_64_21.0.5.v20241023-1957\jre\bin\msvcp140.dll
0x00007ffc78380000 - 0x00007ffc7910f000 	C:\Users\bhanu\Desktop\spring-tool-suite\sts-4.27.0.RELEASE\plugins\org.eclipse.justj.openjdk.hotspot.jre.full.win32.x86_64_21.0.5.v20241023-1957\jre\bin\server\jvm.dll
0x00007ffd17540000 - 0x00007ffd175f4000 	C:\WINDOWS\System32\ADVAPI32.dll
0x00007ffd18910000 - 0x00007ffd189b6000 	C:\WINDOWS\System32\sechost.dll
0x00007ffd16fa0000 - 0x00007ffd170b6000 	C:\WINDOWS\System32\RPCRT4.dll
0x00007ffd16a80000 - 0x00007ffd16af4000 	C:\WINDOWS\System32\WS2_32.dll
0x00007ffd15c90000 - 0x00007ffd15cde000 	C:\WINDOWS\SYSTEM32\POWRPROF.dll
0x00007ffd0afd0000 - 0x00007ffd0b006000 	C:\WINDOWS\SYSTEM32\WINMM.dll
0x00007ffd020e0000 - 0x00007ffd020eb000 	C:\WINDOWS\SYSTEM32\VERSION.dll
0x00007ffd15c70000 - 0x00007ffd15c84000 	C:\WINDOWS\SYSTEM32\UMPDC.dll
0x00007ffd14c30000 - 0x00007ffd14c4a000 	C:\WINDOWS\SYSTEM32\kernel.appcore.dll
0x00007ffd0fdf0000 - 0x00007ffd0fdfa000 	C:\Users\bhanu\Desktop\spring-tool-suite\sts-4.27.0.RELEASE\plugins\org.eclipse.justj.openjdk.hotspot.jre.full.win32.x86_64_21.0.5.v20241023-1957\jre\bin\jimage.dll
0x00007ffd134d0000 - 0x00007ffd13711000 	C:\WINDOWS\SYSTEM32\DBGHELP.DLL
0x00007ffd177d0000 - 0x00007ffd17b4e000 	C:\WINDOWS\System32\combase.dll
0x00007ffd172c0000 - 0x00007ffd17396000 	C:\WINDOWS\System32\OLEAUT32.dll
0x00007ffce9220000 - 0x00007ffce9259000 	C:\WINDOWS\SYSTEM32\dbgcore.DLL
0x00007ffd161d0000 - 0x00007ffd16269000 	C:\WINDOWS\System32\bcryptPrimitives.dll
0x00007ffce1800000 - 0x00007ffce183c000 	C:\Users\bhanu\Desktop\spring-tool-suite\sts-4.27.0.RELEASE\plugins\org.eclipse.justj.openjdk.hotspot.jre.full.win32.x86_64_21.0.5.v20241023-1957\jre\bin\jdwp.dll
0x00007ffcfc610000 - 0x00007ffcfc61f000 	C:\Users\bhanu\Desktop\spring-tool-suite\sts-4.27.0.RELEASE\plugins\org.eclipse.justj.openjdk.hotspot.jre.full.win32.x86_64_21.0.5.v20241023-1957\jre\bin\instrument.dll
0x00007ffcfc6f0000 - 0x00007ffcfc70f000 	C:\Users\bhanu\Desktop\spring-tool-suite\sts-4.27.0.RELEASE\plugins\org.eclipse.justj.openjdk.hotspot.jre.full.win32.x86_64_21.0.5.v20241023-1957\jre\bin\java.dll
0x00007ffd17bb0000 - 0x00007ffd182b4000 	C:\WINDOWS\System32\SHELL32.dll
0x00007ffd13ad0000 - 0x00007ffd14307000 	C:\WINDOWS\SYSTEM32\windows.storage.dll
0x00007ffd16d50000 - 0x00007ffd16e39000 	C:\WINDOWS\System32\SHCORE.dll
0x00007ffd170c0000 - 0x00007ffd1711d000 	C:\WINDOWS\System32\shlwapi.dll
0x00007ffd15d10000 - 0x00007ffd15d3e000 	C:\WINDOWS\SYSTEM32\profapi.dll
0x00007ffcf6370000 - 0x00007ffcf6388000 	C:\Users\bhanu\Desktop\spring-tool-suite\sts-4.27.0.RELEASE\plugins\org.eclipse.justj.openjdk.hotspot.jre.full.win32.x86_64_21.0.5.v20241023-1957\jre\bin\zip.dll
0x00007ffcf6be0000 - 0x00007ffcf6beb000 	C:\Users\bhanu\Desktop\spring-tool-suite\sts-4.27.0.RELEASE\plugins\org.eclipse.justj.openjdk.hotspot.jre.full.win32.x86_64_21.0.5.v20241023-1957\jre\bin\dt_socket.dll
0x00007ffd14620000 - 0x00007ffd14652000 	C:\WINDOWS\SYSTEM32\IPHLPAPI.DLL
0x00007ffd15140000 - 0x00007ffd151a8000 	C:\WINDOWS\system32\mswsock.dll
0x00007ffd146b0000 - 0x00007ffd147d5000 	C:\WINDOWS\SYSTEM32\DNSAPI.dll
0x00007ffd18750000 - 0x00007ffd1875a000 	C:\WINDOWS\System32\NSI.dll
0x00007ffd0ad80000 - 0x00007ffd0ad8b000 	C:\Windows\System32\rasadhlp.dll
0x00007ffd0e520000 - 0x00007ffd0e5a5000 	C:\WINDOWS\System32\fwpuclnt.dll
0x00007ffd0fc90000 - 0x00007ffd0fca0000 	C:\Users\bhanu\Desktop\spring-tool-suite\sts-4.27.0.RELEASE\plugins\org.eclipse.justj.openjdk.hotspot.jre.full.win32.x86_64_21.0.5.v20241023-1957\jre\bin\net.dll
0x00007ffd0dbc0000 - 0x00007ffd0dcde000 	C:\WINDOWS\SYSTEM32\WINHTTP.dll
0x00007ffcf6350000 - 0x00007ffcf6366000 	C:\Users\bhanu\Desktop\spring-tool-suite\sts-4.27.0.RELEASE\plugins\org.eclipse.justj.openjdk.hotspot.jre.full.win32.x86_64_21.0.5.v20241023-1957\jre\bin\nio.dll
0x00007ffcf60f0000 - 0x00007ffcf60fa000 	C:\Users\bhanu\Desktop\spring-tool-suite\sts-4.27.0.RELEASE\plugins\org.eclipse.justj.openjdk.hotspot.jre.full.win32.x86_64_21.0.5.v20241023-1957\jre\bin\management.dll
0x00007ffcf5f40000 - 0x00007ffcf5f4b000 	C:\Users\bhanu\Desktop\spring-tool-suite\sts-4.27.0.RELEASE\plugins\org.eclipse.justj.openjdk.hotspot.jre.full.win32.x86_64_21.0.5.v20241023-1957\jre\bin\management_ext.dll
0x00007ffd16930000 - 0x00007ffd16938000 	C:\WINDOWS\System32\PSAPI.DLL
0x00007ffce0620000 - 0x00007ffce0638000 	C:\WINDOWS\system32\napinsp.dll
0x00007ffce05e0000 - 0x00007ffce05f2000 	C:\WINDOWS\System32\winrnr.dll
0x00007ffce05b0000 - 0x00007ffce05d2000 	C:\WINDOWS\system32\nlansp_c.dll
0x00007ffd09330000 - 0x00007ffd09346000 	C:\WINDOWS\system32\wshbth.dll
0x00007ffd153f0000 - 0x00007ffd1540c000 	C:\WINDOWS\SYSTEM32\CRYPTSP.dll
0x00007ffd14b90000 - 0x00007ffd14bc8000 	C:\WINDOWS\system32\rsaenh.dll
0x00007ffd151e0000 - 0x00007ffd1520b000 	C:\WINDOWS\SYSTEM32\USERENV.dll
0x00007ffd15620000 - 0x00007ffd15646000 	C:\WINDOWS\SYSTEM32\bcrypt.dll
0x00007ffd153e0000 - 0x00007ffd153ec000 	C:\WINDOWS\SYSTEM32\CRYPTBASE.dll
0x00007ffcf6810000 - 0x00007ffcf6819000 	C:\Users\bhanu\Desktop\spring-tool-suite\sts-4.27.0.RELEASE\plugins\org.eclipse.justj.openjdk.hotspot.jre.full.win32.x86_64_21.0.5.v20241023-1957\jre\bin\extnet.dll
0x00007ffcfb900000 - 0x00007ffcfb910000 	C:\Users\bhanu\Desktop\spring-tool-suite\sts-4.27.0.RELEASE\plugins\org.eclipse.justj.openjdk.hotspot.jre.full.win32.x86_64_21.0.5.v20241023-1957\jre\bin\verify.dll
0x00007ffcfb830000 - 0x00007ffcfb83e000 	C:\Users\bhanu\Desktop\spring-tool-suite\sts-4.27.0.RELEASE\plugins\org.eclipse.justj.openjdk.hotspot.jre.full.win32.x86_64_21.0.5.v20241023-1957\jre\bin\sunmscapi.dll
0x00007ffd16720000 - 0x00007ffd16896000 	C:\WINDOWS\System32\CRYPT32.dll
0x00007ffd155e0000 - 0x00007ffd15610000 	C:\WINDOWS\SYSTEM32\ncrypt.dll
0x00007ffd15590000 - 0x00007ffd155cf000 	C:\WINDOWS\SYSTEM32\NTASN1.dll

dbghelp: loaded successfully - version: 4.0.5 - missing functions: none
symbol engine: initialized successfully - sym options: 0x614 - pdb path: .;C:\Users\bhanu\Desktop\spring-tool-suite\sts-4.27.0.RELEASE\plugins\org.eclipse.justj.openjdk.hotspot.jre.full.win32.x86_64_21.0.5.v20241023-1957\jre\bin;C:\WINDOWS\SYSTEM32;C:\WINDOWS\WinSxS\amd64_microsoft.windows.common-controls_6595b64144ccf1df_6.0.26100.3037_none_3e09262ce333c378;C:\Users\bhanu\Desktop\spring-tool-suite\sts-4.27.0.RELEASE\plugins\org.eclipse.justj.openjdk.hotspot.jre.full.win32.x86_64_21.0.5.v20241023-1957\jre\bin\server

VM Arguments:
jvm_args: -XX:+ShowCodeDetailsInExceptionMessages -agentlib:jdwp=transport=dt_socket,suspend=y,address=localhost:63579 -Dcom.sun.management.jmxremote -Dcom.sun.management.jmxremote.port=63578 -Dcom.sun.management.jmxremote.authenticate=false -Dcom.sun.management.jmxremote.ssl=false -Djava.rmi.server.hostname=localhost -Dspring.jmx.enabled=true -Dmanagement.endpoints.jmx.exposure.include=* -Dspring.application.admin.enabled=true -XX:TieredStopAtLevel=1 -Dspring.boot.project.name=Security -javaagent:C:\Users\bhanu\Desktop\spring-tool-suite\sts-4.27.0.RELEASE\configuration\org.eclipse.osgi\275\0\.cp\lib\javaagent-shaded.jar -Dfile.encoding=UTF-8 -Dstdout.encoding=UTF-8 -Dstderr.encoding=UTF-8 
java_command: com.sai.Security.SecurityApplication --spring.output.ansi.enabled=always
java_class_path (initial): C:\Users\bhanu\Documents\workspace-spring-tool-suite-4-4.27.0.RELEASE\Security\target\classes;C:\Users\bhanu\.m2\repository\org\springframework\boot\spring-boot-starter-security\3.4.2\spring-boot-starter-security-3.4.2.jar;C:\Users\bhanu\.m2\repository\org\springframework\boot\spring-boot-starter\3.4.2\spring-boot-starter-3.4.2.jar;C:\Users\bhanu\.m2\repository\org\springframework\boot\spring-boot-starter-logging\3.4.2\spring-boot-starter-logging-3.4.2.jar;C:\Users\bhanu\.m2\repository\ch\qos\logback\logback-classic\1.5.16\logback-classic-1.5.16.jar;C:\Users\bhanu\.m2\repository\ch\qos\logback\logback-core\1.5.16\logback-core-1.5.16.jar;C:\Users\bhanu\.m2\repository\org\apache\logging\log4j\log4j-to-slf4j\2.24.3\log4j-to-slf4j-2.24.3.jar;C:\Users\bhanu\.m2\repository\org\apache\logging\log4j\log4j-api\2.24.3\log4j-api-2.24.3.jar;C:\Users\bhanu\.m2\repository\org\slf4j\jul-to-slf4j\2.0.16\jul-to-slf4j-2.0.16.jar;C:\Users\bhanu\.m2\repository\jakarta\annotation\jakarta.annotation-api\2.1.1\jakarta.annotation-api-2.1.1.jar;C:\Users\bhanu\.m2\repository\org\yaml\snakeyaml\2.3\snakeyaml-2.3.jar;C:\Users\bhanu\.m2\repository\org\springframework\spring-aop\6.2.2\spring-aop-6.2.2.jar;C:\Users\bhanu\.m2\repository\org\springframework\spring-beans\6.2.2\spring-beans-6.2.2.jar;C:\Users\bhanu\.m2\repository\org\springframework\security\spring-security-config\6.4.2\spring-security-config-6.4.2.jar;C:\Users\bhanu\.m2\repository\org\springframework\spring-context\6.2.2\spring-context-6.2.2.jar;C:\Users\bhanu\.m2\repository\org\springframework\security\spring-security-web\6.4.2\spring-security-web-6.4.2.jar;C:\Users\bhanu\.m2\repository\org\springframework\spring-expression\6.2.2\spring-expression-6.2.2.jar;C:\Users\bhanu\.m2\repository\org\springframework\boot\spring-boot-starter-web\3.4.2\spring-boot-starter-web-3.4.2.jar;C:\Users\bhanu\.m2\repository\org\springframework\boot\spring-boot-starter-json\3.4.2\spring-boot-starter-json-3.4.2.jar;C:\Users\bhanu\.m2\repository\com\fasterxml\jackson\core\jackson-databind\2.18.2\jackson-databind-2.18.2.jar;C:\Users\bhanu\.m2\repository\com\fasterxml\jackson\core\jackson-annotations\2.18.2\jackson-annotations-2.18.2.jar;C:\Users\bhanu\.m2\repository\com\fasterxml\jackson\core\jackson-core\2.18.2\jackson-core-2.18.2.jar;C:\Users\bhanu\.m2\repository\com\fasterxml\jackson\datatype\jackson-datatype-jdk8\2.18.2\jackson-datatype-jdk8-2.18.2.jar;C:\Users\bhanu\.m2\repository\com\fasterxml\jackson\datatype\jackson-datatype-jsr310\2.18.2\jackson-datatype-jsr310-2.18.2.jar;C:\Users\bhanu\.m2\repository\com\fasterxml\jackson\module\jackson-module-parameter-names\2.18.2\jackson-module-parameter-names-2.18.2.jar;C:\Users\bhanu\.m2\repository\org\springframework\boot\spring-boot-starter-tomcat\3.4.2\spring-boot-starter-tomcat-3.4.2.jar;C:\Users\bhanu\.m2\repository\org\apache\tomcat\embed\tomcat-embed-core\10.1.34\tomcat-embed-core-10.1.34.jar;C:\Users\bhanu\.m2\repository\org\apache\tomcat\embed\tomcat-embed-el\10.1.34\tomcat-embed-el-10.1.34.jar;C:\Users\bhanu\.m2\repository\org\apache\tomcat\embed\tomcat-embed-websocket\10.1.34\tomcat-embed-websocket-10.1.34.jar;C:\Users\bhanu\.m2\repository\org\springframework\spring-web\6.2.2\spring-web-6.2.2.jar;C:\Users\bhanu\.m2\repository\io\micrometer\micrometer-observation\1.14.3\micrometer-observation-1.14.3.jar;C:\Users\bhanu\.m2\repository\io\micrometer\micrometer-commons\1.14.3\micrometer-commons-1.14.3.jar;C:\Users\bhanu\.m2\repository\org\springframework\spring-webmvc\6.2.2\spring-webmvc-6.2.2.jar;C:\Users\bhanu\.m2\repository\org\springframework\boot\spring-boot-devtools\3.4.2\spring-boot-devtools-3.4.2.jar;C:\Users\bhanu\.m2\repository\org\springframework\boot\spring-boot\3.4.2\spring-boot-3.4.2.jar;C:\Users\bhanu\.m2\repository\org\springframework\boot\spring-boot-autoconfigure\3.4.2\spring-boot-autoconfigure-3.4.2.jar;C:\Users\bhanu\.m2\repository\org\slf4j\slf4j-api\2.0.16\slf4j-api-2.0.16.jar;C:\Users\bhanu\.m2\repository\org\springframework\spring-core\6.2.2\spring-core-6.2.2.jar;C:\Users\bhanu\.m2\repository\org\springframework\spring-jcl\6.2.2\spring-jcl-6.2.2.jar;C:\Users\bhanu\.m2\repository\org\springframework\security\spring-security-core\6.4.2\spring-security-core-6.4.2.jar;C:\Users\bhanu\.m2\repository\org\springframework\security\spring-security-crypto\6.4.2\spring-security-crypto-6.4.2.jar
Launcher Type: SUN_STANDARD

[Global flags]
     intx CICompilerCount                          = 4                                         {product} {ergonomic}
     uint ConcGCThreads                            = 3                                         {product} {ergonomic}
     uint G1ConcRefinementThreads                  = 10                                        {product} {ergonomic}
   size_t G1HeapRegionSize                         = 2097152                                   {product} {ergonomic}
    uintx GCDrainStackTargetSize                   = 64                                        {product} {ergonomic}
   size_t InitialHeapSize                          = 264241152                                 {product} {ergonomic}
     bool ManagementServer                         = true                                      {product} {command line}
   size_t MarkStackSize                            = 4194304                                   {product} {ergonomic}
   size_t MaxHeapSize                              = 4202692608                                {product} {ergonomic}
   size_t MaxNewSize                               = 2520776704                                {product} {ergonomic}
   size_t MinHeapDeltaBytes                        = 2097152                                   {product} {ergonomic}
   size_t MinHeapSize                              = 8388608                                   {product} {ergonomic}
    uintx NonNMethodCodeHeapSize                   = 4096                                   {pd product} {ergonomic}
    uintx NonProfiledCodeHeapSize                  = 0                                      {pd product} {ergonomic}
     bool ProfileInterpreter                       = false                                  {pd product} {command line}
    uintx ProfiledCodeHeapSize                     = 0                                      {pd product} {ergonomic}
     bool ShowCodeDetailsInExceptionMessages       = true                                   {manageable} {command line}
   size_t SoftMaxHeapSize                          = 4202692608                             {manageable} {ergonomic}
     intx TieredStopAtLevel                        = 1                                         {product} {command line}
     bool UseCompressedOops                        = true                           {product lp64_product} {ergonomic}
     bool UseG1GC                                  = true                                      {product} {ergonomic}
     bool UseLargePagesIndividualAllocation        = false                                  {pd product} {ergonomic}

Logging:
Log output configuration:
 #0: stdout all=warning uptime,level,tags foldmultilines=false
 #1: stderr all=off uptime,level,tags foldmultilines=false

Environment Variables:
PATH=C:\Users\bhanu\Desktop\spring-tool-suite\sts-4.27.0.RELEASE\plugins\org.eclipse.justj.openjdk.hotspot.jre.full.win32.x86_64_21.0.5.v20241023-1957\jre\bin;C:/Users/bhanu/Desktop/spring-tool-suite/sts-4.27.0.RELEASE//plugins/org.eclipse.justj.openjdk.hotspot.jre.full.win32.x86_64_21.0.5.v20241023-1957/jre/bin/server;C:/Users/bhanu/Desktop/spring-tool-suite/sts-4.27.0.RELEASE//plugins/org.eclipse.justj.openjdk.hotspot.jre.full.win32.x86_64_21.0.5.v20241023-1957/jre/bin;C:\Python313\Scripts\;C:\Python313\;C:\windows\system32;C:\windows;C:\windows\System32\Wbem;C:\windows\System32\WindowsPowerShell\v1.0\;C:\windows\System32\OpenSSH\;C:\Program Files\HP\HP One Agent;C:\Program Files\nodejs;C:\ProgramData\chocolatey\bin;C:\WINDOWS\system32;C:\WINDOWS;C:\WINDOWS\System32\Wbem;C:\WINDOWS\System32\WindowsPowerShell\v1.0\;C:\WINDOWS\System32\OpenSSH\;C:\Program Files\Git\cmd;C:\Users\bhanu\AppData\Roaming\npm;C:\Program Files\MySQL\MySQL Shell 8.0\bin\;C:\Users\bhanu\AppData\Local\Microsoft\WindowsApps;C:\Users\bhanu\AppData\Local\Programs\Microsoft VS Code\bin;C:\Users\bhanu\AppData\Roaming\npm;;C:\Users\bhanu\Desktop\spring-tool-suite\sts-4.27.0.RELEASE;
USERNAME=bhanu
OS=Windows_NT
PROCESSOR_IDENTIFIER=Intel64 Family 6 Model 186 Stepping 3, GenuineIntel
TMP=C:\Users\bhanu\AppData\Local\Temp
TEMP=C:\Users\bhanu\AppData\Local\Temp




Periodic native trim disabled

---------------  S Y S T E M  ---------------

OS:
 Windows 11 , 64 bit Build 26100 (10.0.26100.3037)
OS uptime: 7 days 1:50 hours
Hyper-V role detected

CPU: total 12 (initial active 12) (6 cores per cpu, 2 threads per core) family 6 model 186 stepping 3 microcode 0x4121, cx8, cmov, fxsr, ht, mmx, 3dnowpref, sse, sse2, sse3, ssse3, sse4.1, sse4.2, popcnt, lzcnt, tsc, tscinvbit, avx, avx2, aes, erms, clmul, bmi1, bmi2, adx, sha, fma, vzeroupper, clflush, clflushopt, clwb, hv, serialize, rdtscp, rdpid, fsrm, f16c, cet_ibt, cet_ss
Processor Information for processor 0
  Max Mhz: 1700, Current Mhz: 1700, Mhz Limit: 1700
Processor Information for processor 1
  Max Mhz: 1700, Current Mhz: 1700, Mhz Limit: 1700
Processor Information for processor 2
  Max Mhz: 1700, Current Mhz: 1700, Mhz Limit: 1700
Processor Information for processor 3
  Max Mhz: 1700, Current Mhz: 1700, Mhz Limit: 1700
Processor Information for processor 4
  Max Mhz: 1700, Current Mhz: 1200, Mhz Limit: 1190
Processor Information for processor 5
  Max Mhz: 1700, Current Mhz: 1200, Mhz Limit: 1190
Processor Information for processor 6
  Max Mhz: 1700, Current Mhz: 1200, Mhz Limit: 1190
Processor Information for processor 7
  Max Mhz: 1700, Current Mhz: 1200, Mhz Limit: 1190
Processor Information for processor 8
  Max Mhz: 1700, Current Mhz: 1200, Mhz Limit: 1190
Processor Information for processor 9
  Max Mhz: 1700, Current Mhz: 1200, Mhz Limit: 1190
Processor Information for processor 10
  Max Mhz: 1700, Current Mhz: 1200, Mhz Limit: 1190
Processor Information for processor 11
  Max Mhz: 1700, Current Mhz: 1200, Mhz Limit: 1190

Memory: 4k page, system-wide physical 16027M (3221M free)
TotalPageFile size 19099M (AvailPageFile size 674M)
current process WorkingSet (physical memory assigned to process): 152M, peak: 228M
current process commit charge ("private bytes"): 193M, peak: 375M

vm_info: OpenJDK 64-Bit Server VM (21.0.5+11-LTS) for windows-amd64 JRE (21.0.5+11-LTS), built on 2024-10-15T00:00:00Z by "admin" with MS VC++ 17.7 (VS2022)

END.
